Module is experimental. 
config file is: /projects/p30771/dlc_analysis/social_interaction_test-JJM-2021-06-13/config.yaml
/home/jma819/.conda/envs/tensorflow-gpu-env/lib/python3.6/site-packages/tensorflow/python/framework/dtypes.py:523: FutureWarning: Passing (type, 1) or '1type' as a synonym of type is deprecated; in a future version of numpy, it will be understood as (type, (1,)) / '(1,)type'.
  _np_qint8 = np.dtype([("qint8", np.int8, 1)])
/home/jma819/.conda/envs/tensorflow-gpu-env/lib/python3.6/site-packages/tensorflow/python/framework/dtypes.py:524: FutureWarning: Passing (type, 1) or '1type' as a synonym of type is deprecated; in a future version of numpy, it will be understood as (type, (1,)) / '(1,)type'.
  _np_quint8 = np.dtype([("quint8", np.uint8, 1)])
/home/jma819/.conda/envs/tensorflow-gpu-env/lib/python3.6/site-packages/tensorflow/python/framework/dtypes.py:525: FutureWarning: Passing (type, 1) or '1type' as a synonym of type is deprecated; in a future version of numpy, it will be understood as (type, (1,)) / '(1,)type'.
  _np_qint16 = np.dtype([("qint16", np.int16, 1)])
/home/jma819/.conda/envs/tensorflow-gpu-env/lib/python3.6/site-packages/tensorflow/python/framework/dtypes.py:526: FutureWarning: Passing (type, 1) or '1type' as a synonym of type is deprecated; in a future version of numpy, it will be understood as (type, (1,)) / '(1,)type'.
  _np_quint16 = np.dtype([("quint16", np.uint16, 1)])
/home/jma819/.conda/envs/tensorflow-gpu-env/lib/python3.6/site-packages/tensorflow/python/framework/dtypes.py:527: FutureWarning: Passing (type, 1) or '1type' as a synonym of type is deprecated; in a future version of numpy, it will be understood as (type, (1,)) / '(1,)type'.
  _np_qint32 = np.dtype([("qint32", np.int32, 1)])
/home/jma819/.conda/envs/tensorflow-gpu-env/lib/python3.6/site-packages/tensorflow/python/framework/dtypes.py:532: FutureWarning: Passing (type, 1) or '1type' as a synonym of type is deprecated; in a future version of numpy, it will be understood as (type, (1,)) / '(1,)type'.
  np_resource = np.dtype([("resource", np.ubyte, 1)])
  0%|          | 0/19 [00:00<?, ?it/s]  5%|▌         | 1/19 [00:00<00:04,  3.91it/s] 16%|█▌        | 3/19 [00:00<00:03,  5.02it/s] 26%|██▋       | 5/19 [00:00<00:02,  6.28it/s] 37%|███▋      | 7/19 [00:00<00:01,  7.62it/s] 47%|████▋     | 9/19 [00:00<00:01,  8.91it/s] 58%|█████▊    | 11/19 [00:00<00:00,  9.64it/s] 68%|██████▊   | 13/19 [00:01<00:00, 10.35it/s] 79%|███████▉  | 15/19 [00:01<00:00, 11.56it/s] 89%|████████▉ | 17/19 [00:01<00:00, 12.10it/s]100%|██████████| 19/19 [00:01<00:00, 13.02it/s]
Config:
{'all_joints': [[0], [1], [2], [3], [4], [5], [6], [7], [8], [9], [10]],
 'all_joints_names': ['snout',
                      'ear_L',
                      'ear_R',
                      'front_paw_L',
                      'front_paw_R',
                      'rear_paw_L',
                      'rear_paw_R',
                      'mid_back',
                      'tail_base',
                      'mid_tail',
                      'tail_tip'],
 'batch_size': 8,
 'crop_pad': 0,
 'cropratio': 0.4,
 'dataset': 'training-datasets/iteration-0/UnaugmentedDataSet_social_interaction_testJun13/social_interaction_test_JJM95shuffle1.pickle',
 'dataset_type': 'multi-animal-imgaug',
 'deterministic': False,
 'display_iters': 500,
 'fg_fraction': 0.25,
 'global_scale': 0.8,
 'init_weights': '/home/jma819/DeepLabCut/deeplabcut/pose_estimation_tensorflow/models/pretrained/resnet_v1_50.ckpt',
 'intermediate_supervision': False,
 'intermediate_supervision_layer': 12,
 'location_refinement': True,
 'locref_huber_loss': True,
 'locref_loss_weight': 0.05,
 'locref_stdev': 7.2801,
 'log_dir': 'log',
 'max_input_size': 1500,
 'mean_pixel': [123.68, 116.779, 103.939],
 'metadataset': 'training-datasets/iteration-0/UnaugmentedDataSet_social_interaction_testJun13/Documentation_data-social_interaction_test_95shuffle1.pickle',
 'min_input_size': 64,
 'mirror': False,
 'multi_step': [[0.0001, 7500], [5e-05, 12000], [1e-05, 200000]],
 'net_type': 'resnet_50',
 'num_joints': 11,
 'num_limbs': 14,
 'optimizer': 'adam',
 'pafwidth': 20,
 'pairwise_huber_loss': False,
 'pairwise_loss_weight': 0.1,
 'pairwise_predict': False,
 'partaffinityfield_graph': [[7, 8],
                             [1, 7],
                             [2, 7],
                             [8, 9],
                             [9, 10],
                             [6, 8],
                             [4, 6],
                             [5, 6],
                             [5, 8],
                             [0, 8],
                             [0, 4],
                             [0, 3],
                             [3, 4],
                             [3, 5]],
 'partaffinityfield_predict': True,
 'pos_dist_thresh': 17,
 'project_path': '/projects/p30771/dlc_analysis/social_interaction_test-JJM-2021-06-13',
 'regularize': False,
 'rotation': 25,
 'rotratio': 0.4,
 'save_iters': 10000,
 'scale_jitter_lo': 0.5,
 'scale_jitter_up': 1.25,
 'scoremap_dir': 'test',
 'shuffle': True,
 'snapshot_prefix': '/projects/p30771/dlc_analysis/social_interaction_test-JJM-2021-06-13/dlc-models/iteration-0/social_interaction_testJun13-trainset95shuffle1/train/snapshot',
 'stride': 8.0,
 'weigh_negatives': False,
 'weigh_only_present_joints': False,
 'weigh_part_predictions': False,
 'weight_decay': 0.0001}
2021-06-16 11:04:11.092427: I tensorflow/core/platform/cpu_feature_guard.cc:141] Your CPU supports instructions that this TensorFlow binary was not compiled to use: SSE4.1 SSE4.2 AVX AVX2 FMA
2021-06-16 11:04:11.230177: I tensorflow/core/common_runtime/gpu/gpu_device.cc:1432] Found device 0 with properties: 
name: Tesla P100-PCIE-16GB major: 6 minor: 0 memoryClockRate(GHz): 1.3285
pciBusID: 0000:0b:00.0
totalMemory: 15.90GiB freeMemory: 15.64GiB
2021-06-16 11:04:11.230265: I tensorflow/core/common_runtime/gpu/gpu_device.cc:1511] Adding visible gpu devices: 0
2021-06-16 11:04:14.830574: I tensorflow/core/common_runtime/gpu/gpu_device.cc:982] Device interconnect StreamExecutor with strength 1 edge matrix:
2021-06-16 11:04:14.830663: I tensorflow/core/common_runtime/gpu/gpu_device.cc:988]      0 
2021-06-16 11:04:14.830682: I tensorflow/core/common_runtime/gpu/gpu_device.cc:1001] 0:   N 
2021-06-16 11:04:14.830893: I tensorflow/core/common_runtime/gpu/gpu_device.cc:1115] Created TensorFlow device (/job:localhost/replica:0/task:0/device:GPU:0 with 15155 MB memory) -> physical GPU (device: 0, name: Tesla P100-PCIE-16GB, pci bus id: 0000:0b:00.0, compute capability: 6.0)
iteration: 500 loss: 0.0154 scmap loss: 0.0120 locref loss: 0.0008 limb loss: 0.0026 lr: 0.0001
iteration: 1000 loss: 0.0030 scmap loss: 0.0025 locref loss: 0.0001 limb loss: 0.0003 lr: 0.0001
iteration: 1500 loss: 0.0023 scmap loss: 0.0020 locref loss: 0.0001 limb loss: 0.0002 lr: 0.0001
iteration: 2000 loss: 0.0020 scmap loss: 0.0017 locref loss: 0.0001 limb loss: 0.0002 lr: 0.0001
iteration: 2500 loss: 0.0019 scmap loss: 0.0016 locref loss: 0.0001 limb loss: 0.0002 lr: 0.0001
iteration: 3000 loss: 0.0018 scmap loss: 0.0016 locref loss: 0.0001 limb loss: 0.0001 lr: 0.0001
iteration: 3500 loss: 0.0017 scmap loss: 0.0015 locref loss: 0.0000 limb loss: 0.0001 lr: 0.0001
iteration: 4000 loss: 0.0016 scmap loss: 0.0015 locref loss: 0.0000 limb loss: 0.0001 lr: 0.0001
iteration: 4500 loss: 0.0016 scmap loss: 0.0014 locref loss: 0.0000 limb loss: 0.0001 lr: 0.0001
iteration: 5000 loss: 0.0016 scmap loss: 0.0014 locref loss: 0.0000 limb loss: 0.0001 lr: 0.0001
iteration: 5500 loss: 0.0015 scmap loss: 0.0014 locref loss: 0.0000 limb loss: 0.0001 lr: 0.0001
iteration: 6000 loss: 0.0014 scmap loss: 0.0013 locref loss: 0.0000 limb loss: 0.0001 lr: 0.0001
iteration: 6500 loss: 0.0014 scmap loss: 0.0013 locref loss: 0.0000 limb loss: 0.0001 lr: 0.0001
iteration: 7000 loss: 0.0015 scmap loss: 0.0013 locref loss: 0.0000 limb loss: 0.0001 lr: 0.0001
iteration: 7500 loss: 0.0014 scmap loss: 0.0013 locref loss: 0.0000 limb loss: 0.0001 lr: 0.0001
iteration: 8000 loss: 0.0012 scmap loss: 0.0012 locref loss: 0.0000 limb loss: 0.0001 lr: 5e-05
iteration: 8500 loss: 0.0012 scmap loss: 0.0012 locref loss: 0.0000 limb loss: 0.0001 lr: 5e-05
iteration: 9000 loss: 0.0012 scmap loss: 0.0011 locref loss: 0.0000 limb loss: 0.0001 lr: 5e-05
iteration: 9500 loss: 0.0012 scmap loss: 0.0012 locref loss: 0.0000 limb loss: 0.0001 lr: 5e-05
iteration: 10000 loss: 0.0012 scmap loss: 0.0011 locref loss: 0.0000 limb loss: 0.0001 lr: 5e-05
iteration: 10500 loss: 0.0012 scmap loss: 0.0011 locref loss: 0.0000 limb loss: 0.0001 lr: 5e-05
iteration: 11000 loss: 0.0012 scmap loss: 0.0011 locref loss: 0.0000 limb loss: 0.0001 lr: 5e-05
iteration: 11500 loss: 0.0012 scmap loss: 0.0011 locref loss: 0.0000 limb loss: 0.0001 lr: 5e-05
iteration: 12000 loss: 0.0012 scmap loss: 0.0011 locref loss: 0.0000 limb loss: 0.0000 lr: 5e-05
iteration: 12500 loss: 0.0011 scmap loss: 0.0010 locref loss: 0.0000 limb loss: 0.0000 lr: 1e-05
iteration: 13000 loss: 0.0010 scmap loss: 0.0010 locref loss: 0.0000 limb loss: 0.0000 lr: 1e-05
iteration: 13500 loss: 0.0010 scmap loss: 0.0010 locref loss: 0.0000 limb loss: 0.0000 lr: 1e-05
iteration: 14000 loss: 0.0010 scmap loss: 0.0010 locref loss: 0.0000 limb loss: 0.0000 lr: 1e-05
iteration: 14500 loss: 0.0010 scmap loss: 0.0009 locref loss: 0.0000 limb loss: 0.0000 lr: 1e-05
iteration: 15000 loss: 0.0010 scmap loss: 0.0010 locref loss: 0.0000 limb loss: 0.0000 lr: 1e-05
iteration: 15500 loss: 0.0010 scmap loss: 0.0009 locref loss: 0.0000 limb loss: 0.0000 lr: 1e-05
iteration: 16000 loss: 0.0010 scmap loss: 0.0009 locref loss: 0.0000 limb loss: 0.0000 lr: 1e-05
iteration: 16500 loss: 0.0010 scmap loss: 0.0009 locref loss: 0.0000 limb loss: 0.0000 lr: 1e-05
iteration: 17000 loss: 0.0010 scmap loss: 0.0010 locref loss: 0.0000 limb loss: 0.0000 lr: 1e-05
iteration: 17500 loss: 0.0010 scmap loss: 0.0009 locref loss: 0.0000 limb loss: 0.0000 lr: 1e-05
iteration: 18000 loss: 0.0010 scmap loss: 0.0009 locref loss: 0.0000 limb loss: 0.0000 lr: 1e-05
iteration: 18500 loss: 0.0010 scmap loss: 0.0009 locref loss: 0.0000 limb loss: 0.0000 lr: 1e-05
iteration: 19000 loss: 0.0010 scmap loss: 0.0009 locref loss: 0.0000 limb loss: 0.0000 lr: 1e-05
iteration: 19500 loss: 0.0010 scmap loss: 0.0009 locref loss: 0.0000 limb loss: 0.0000 lr: 1e-05
iteration: 20000 loss: 0.0010 scmap loss: 0.0009 locref loss: 0.0000 limb loss: 0.0000 lr: 1e-05
iteration: 20500 loss: 0.0010 scmap loss: 0.0009 locref loss: 0.0000 limb loss: 0.0000 lr: 1e-05
iteration: 21000 loss: 0.0010 scmap loss: 0.0009 locref loss: 0.0000 limb loss: 0.0000 lr: 1e-05
iteration: 21500 loss: 0.0010 scmap loss: 0.0009 locref loss: 0.0000 limb loss: 0.0000 lr: 1e-05
iteration: 22000 loss: 0.0010 scmap loss: 0.0009 locref loss: 0.0000 limb loss: 0.0000 lr: 1e-05
iteration: 22500 loss: 0.0010 scmap loss: 0.0009 locref loss: 0.0000 limb loss: 0.0000 lr: 1e-05
iteration: 23000 loss: 0.0010 scmap loss: 0.0009 locref loss: 0.0000 limb loss: 0.0000 lr: 1e-05
iteration: 23500 loss: 0.0009 scmap loss: 0.0009 locref loss: 0.0000 limb loss: 0.0000 lr: 1e-05
iteration: 24000 loss: 0.0010 scmap loss: 0.0009 locref loss: 0.0000 limb loss: 0.0000 lr: 1e-05
iteration: 24500 loss: 0.0010 scmap loss: 0.0009 locref loss: 0.0000 limb loss: 0.0000 lr: 1e-05
iteration: 25000 loss: 0.0010 scmap loss: 0.0009 locref loss: 0.0000 limb loss: 0.0000 lr: 1e-05
iteration: 25500 loss: 0.0009 scmap loss: 0.0009 locref loss: 0.0000 limb loss: 0.0000 lr: 1e-05
iteration: 26000 loss: 0.0009 scmap loss: 0.0009 locref loss: 0.0000 limb loss: 0.0000 lr: 1e-05
iteration: 26500 loss: 0.0009 scmap loss: 0.0009 locref loss: 0.0000 limb loss: 0.0000 lr: 1e-05
iteration: 27000 loss: 0.0009 scmap loss: 0.0009 locref loss: 0.0000 limb loss: 0.0000 lr: 1e-05
iteration: 27500 loss: 0.0009 scmap loss: 0.0009 locref loss: 0.0000 limb loss: 0.0000 lr: 1e-05
iteration: 28000 loss: 0.0009 scmap loss: 0.0009 locref loss: 0.0000 limb loss: 0.0000 lr: 1e-05
iteration: 28500 loss: 0.0009 scmap loss: 0.0009 locref loss: 0.0000 limb loss: 0.0000 lr: 1e-05
iteration: 29000 loss: 0.0009 scmap loss: 0.0009 locref loss: 0.0000 limb loss: 0.0000 lr: 1e-05
iteration: 29500 loss: 0.0009 scmap loss: 0.0009 locref loss: 0.0000 limb loss: 0.0000 lr: 1e-05
iteration: 30000 loss: 0.0009 scmap loss: 0.0009 locref loss: 0.0000 limb loss: 0.0000 lr: 1e-05
iteration: 30500 loss: 0.0009 scmap loss: 0.0009 locref loss: 0.0000 limb loss: 0.0000 lr: 1e-05
iteration: 31000 loss: 0.0009 scmap loss: 0.0009 locref loss: 0.0000 limb loss: 0.0000 lr: 1e-05
iteration: 31500 loss: 0.0009 scmap loss: 0.0009 locref loss: 0.0000 limb loss: 0.0000 lr: 1e-05
iteration: 32000 loss: 0.0009 scmap loss: 0.0008 locref loss: 0.0000 limb loss: 0.0000 lr: 1e-05
iteration: 32500 loss: 0.0009 scmap loss: 0.0009 locref loss: 0.0000 limb loss: 0.0000 lr: 1e-05
iteration: 33000 loss: 0.0009 scmap loss: 0.0009 locref loss: 0.0000 limb loss: 0.0000 lr: 1e-05
iteration: 33500 loss: 0.0009 scmap loss: 0.0008 locref loss: 0.0000 limb loss: 0.0000 lr: 1e-05
iteration: 34000 loss: 0.0009 scmap loss: 0.0009 locref loss: 0.0000 limb loss: 0.0000 lr: 1e-05
iteration: 34500 loss: 0.0009 scmap loss: 0.0008 locref loss: 0.0000 limb loss: 0.0000 lr: 1e-05
iteration: 35000 loss: 0.0009 scmap loss: 0.0008 locref loss: 0.0000 limb loss: 0.0000 lr: 1e-05
iteration: 35500 loss: 0.0009 scmap loss: 0.0008 locref loss: 0.0000 limb loss: 0.0000 lr: 1e-05
iteration: 36000 loss: 0.0009 scmap loss: 0.0008 locref loss: 0.0000 limb loss: 0.0000 lr: 1e-05
iteration: 36500 loss: 0.0009 scmap loss: 0.0008 locref loss: 0.0000 limb loss: 0.0000 lr: 1e-05
iteration: 37000 loss: 0.0009 scmap loss: 0.0008 locref loss: 0.0000 limb loss: 0.0000 lr: 1e-05
iteration: 37500 loss: 0.0009 scmap loss: 0.0008 locref loss: 0.0000 limb loss: 0.0000 lr: 1e-05
iteration: 38000 loss: 0.0009 scmap loss: 0.0008 locref loss: 0.0000 limb loss: 0.0000 lr: 1e-05
iteration: 38500 loss: 0.0009 scmap loss: 0.0008 locref loss: 0.0000 limb loss: 0.0000 lr: 1e-05
iteration: 39000 loss: 0.0009 scmap loss: 0.0008 locref loss: 0.0000 limb loss: 0.0000 lr: 1e-05
iteration: 39500 loss: 0.0009 scmap loss: 0.0008 locref loss: 0.0000 limb loss: 0.0000 lr: 1e-05
iteration: 40000 loss: 0.0009 scmap loss: 0.0008 locref loss: 0.0000 limb loss: 0.0000 lr: 1e-05
iteration: 40500 loss: 0.0009 scmap loss: 0.0008 locref loss: 0.0000 limb loss: 0.0000 lr: 1e-05
iteration: 41000 loss: 0.0008 scmap loss: 0.0008 locref loss: 0.0000 limb loss: 0.0000 lr: 1e-05
iteration: 41500 loss: 0.0008 scmap loss: 0.0008 locref loss: 0.0000 limb loss: 0.0000 lr: 1e-05
iteration: 42000 loss: 0.0008 scmap loss: 0.0008 locref loss: 0.0000 limb loss: 0.0000 lr: 1e-05
iteration: 42500 loss: 0.0009 scmap loss: 0.0008 locref loss: 0.0000 limb loss: 0.0000 lr: 1e-05
iteration: 43000 loss: 0.0008 scmap loss: 0.0008 locref loss: 0.0000 limb loss: 0.0000 lr: 1e-05
iteration: 43500 loss: 0.0008 scmap loss: 0.0008 locref loss: 0.0000 limb loss: 0.0000 lr: 1e-05
iteration: 44000 loss: 0.0008 scmap loss: 0.0008 locref loss: 0.0000 limb loss: 0.0000 lr: 1e-05
iteration: 44500 loss: 0.0008 scmap loss: 0.0008 locref loss: 0.0000 limb loss: 0.0000 lr: 1e-05
iteration: 45000 loss: 0.0008 scmap loss: 0.0008 locref loss: 0.0000 limb loss: 0.0000 lr: 1e-05
iteration: 45500 loss: 0.0008 scmap loss: 0.0008 locref loss: 0.0000 limb loss: 0.0000 lr: 1e-05
iteration: 46000 loss: 0.0008 scmap loss: 0.0008 locref loss: 0.0000 limb loss: 0.0000 lr: 1e-05
iteration: 46500 loss: 0.0008 scmap loss: 0.0008 locref loss: 0.0000 limb loss: 0.0000 lr: 1e-05
iteration: 47000 loss: 0.0008 scmap loss: 0.0008 locref loss: 0.0000 limb loss: 0.0000 lr: 1e-05
iteration: 47500 loss: 0.0008 scmap loss: 0.0008 locref loss: 0.0000 limb loss: 0.0000 lr: 1e-05
iteration: 48000 loss: 0.0008 scmap loss: 0.0008 locref loss: 0.0000 limb loss: 0.0000 lr: 1e-05
iteration: 48500 loss: 0.0008 scmap loss: 0.0008 locref loss: 0.0000 limb loss: 0.0000 lr: 1e-05
iteration: 49000 loss: 0.0008 scmap loss: 0.0008 locref loss: 0.0000 limb loss: 0.0000 lr: 1e-05
iteration: 49500 loss: 0.0008 scmap loss: 0.0008 locref loss: 0.0000 limb loss: 0.0000 lr: 1e-05
iteration: 50000 loss: 0.0008 scmap loss: 0.0008 locref loss: 0.0000 limb loss: 0.0000 lr: 1e-05
iteration: 50500 loss: 0.0008 scmap loss: 0.0008 locref loss: 0.0000 limb loss: 0.0000 lr: 1e-05
iteration: 51000 loss: 0.0008 scmap loss: 0.0008 locref loss: 0.0000 limb loss: 0.0000 lr: 1e-05
iteration: 51500 loss: 0.0008 scmap loss: 0.0008 locref loss: 0.0000 limb loss: 0.0000 lr: 1e-05
iteration: 52000 loss: 0.0008 scmap loss: 0.0008 locref loss: 0.0000 limb loss: 0.0000 lr: 1e-05
iteration: 52500 loss: 0.0008 scmap loss: 0.0008 locref loss: 0.0000 limb loss: 0.0000 lr: 1e-05
iteration: 53000 loss: 0.0008 scmap loss: 0.0008 locref loss: 0.0000 limb loss: 0.0000 lr: 1e-05
iteration: 53500 loss: 0.0008 scmap loss: 0.0008 locref loss: 0.0000 limb loss: 0.0000 lr: 1e-05
iteration: 54000 loss: 0.0008 scmap loss: 0.0008 locref loss: 0.0000 limb loss: 0.0000 lr: 1e-05
iteration: 54500 loss: 0.0008 scmap loss: 0.0008 locref loss: 0.0000 limb loss: 0.0000 lr: 1e-05
iteration: 55000 loss: 0.0008 scmap loss: 0.0008 locref loss: 0.0000 limb loss: 0.0000 lr: 1e-05
iteration: 55500 loss: 0.0008 scmap loss: 0.0008 locref loss: 0.0000 limb loss: 0.0000 lr: 1e-05
iteration: 56000 loss: 0.0008 scmap loss: 0.0007 locref loss: 0.0000 limb loss: 0.0000 lr: 1e-05
iteration: 56500 loss: 0.0008 scmap loss: 0.0007 locref loss: 0.0000 limb loss: 0.0000 lr: 1e-05
iteration: 57000 loss: 0.0008 scmap loss: 0.0008 locref loss: 0.0000 limb loss: 0.0000 lr: 1e-05
iteration: 57500 loss: 0.0008 scmap loss: 0.0007 locref loss: 0.0000 limb loss: 0.0000 lr: 1e-05
iteration: 58000 loss: 0.0008 scmap loss: 0.0007 locref loss: 0.0000 limb loss: 0.0000 lr: 1e-05
iteration: 58500 loss: 0.0008 scmap loss: 0.0007 locref loss: 0.0000 limb loss: 0.0000 lr: 1e-05
iteration: 59000 loss: 0.0008 scmap loss: 0.0007 locref loss: 0.0000 limb loss: 0.0000 lr: 1e-05
iteration: 59500 loss: 0.0008 scmap loss: 0.0007 locref loss: 0.0000 limb loss: 0.0000 lr: 1e-05
iteration: 60000 loss: 0.0008 scmap loss: 0.0007 locref loss: 0.0000 limb loss: 0.0000 lr: 1e-05
iteration: 60500 loss: 0.0008 scmap loss: 0.0007 locref loss: 0.0000 limb loss: 0.0000 lr: 1e-05
iteration: 61000 loss: 0.0008 scmap loss: 0.0007 locref loss: 0.0000 limb loss: 0.0000 lr: 1e-05
iteration: 61500 loss: 0.0008 scmap loss: 0.0007 locref loss: 0.0000 limb loss: 0.0000 lr: 1e-05
iteration: 62000 loss: 0.0008 scmap loss: 0.0007 locref loss: 0.0000 limb loss: 0.0000 lr: 1e-05
iteration: 62500 loss: 0.0008 scmap loss: 0.0007 locref loss: 0.0000 limb loss: 0.0000 lr: 1e-05
iteration: 63000 loss: 0.0008 scmap loss: 0.0007 locref loss: 0.0000 limb loss: 0.0000 lr: 1e-05
iteration: 63500 loss: 0.0008 scmap loss: 0.0007 locref loss: 0.0000 limb loss: 0.0000 lr: 1e-05
iteration: 64000 loss: 0.0007 scmap loss: 0.0007 locref loss: 0.0000 limb loss: 0.0000 lr: 1e-05
iteration: 64500 loss: 0.0007 scmap loss: 0.0007 locref loss: 0.0000 limb loss: 0.0000 lr: 1e-05
iteration: 65000 loss: 0.0008 scmap loss: 0.0007 locref loss: 0.0000 limb loss: 0.0000 lr: 1e-05
iteration: 65500 loss: 0.0007 scmap loss: 0.0007 locref loss: 0.0000 limb loss: 0.0000 lr: 1e-05
iteration: 66000 loss: 0.0007 scmap loss: 0.0007 locref loss: 0.0000 limb loss: 0.0000 lr: 1e-05
iteration: 66500 loss: 0.0007 scmap loss: 0.0007 locref loss: 0.0000 limb loss: 0.0000 lr: 1e-05
iteration: 67000 loss: 0.0007 scmap loss: 0.0007 locref loss: 0.0000 limb loss: 0.0000 lr: 1e-05
iteration: 67500 loss: 0.0007 scmap loss: 0.0007 locref loss: 0.0000 limb loss: 0.0000 lr: 1e-05
iteration: 68000 loss: 0.0007 scmap loss: 0.0007 locref loss: 0.0000 limb loss: 0.0000 lr: 1e-05
iteration: 68500 loss: 0.0007 scmap loss: 0.0007 locref loss: 0.0000 limb loss: 0.0000 lr: 1e-05
iteration: 69000 loss: 0.0007 scmap loss: 0.0007 locref loss: 0.0000 limb loss: 0.0000 lr: 1e-05
iteration: 69500 loss: 0.0007 scmap loss: 0.0007 locref loss: 0.0000 limb loss: 0.0000 lr: 1e-05
iteration: 70000 loss: 0.0007 scmap loss: 0.0007 locref loss: 0.0000 limb loss: 0.0000 lr: 1e-05
iteration: 70500 loss: 0.0007 scmap loss: 0.0007 locref loss: 0.0000 limb loss: 0.0000 lr: 1e-05
iteration: 71000 loss: 0.0007 scmap loss: 0.0007 locref loss: 0.0000 limb loss: 0.0000 lr: 1e-05
iteration: 71500 loss: 0.0007 scmap loss: 0.0007 locref loss: 0.0000 limb loss: 0.0000 lr: 1e-05
iteration: 72000 loss: 0.0007 scmap loss: 0.0007 locref loss: 0.0000 limb loss: 0.0000 lr: 1e-05
iteration: 72500 loss: 0.0007 scmap loss: 0.0007 locref loss: 0.0000 limb loss: 0.0000 lr: 1e-05
iteration: 73000 loss: 0.0007 scmap loss: 0.0007 locref loss: 0.0000 limb loss: 0.0000 lr: 1e-05
iteration: 73500 loss: 0.0007 scmap loss: 0.0007 locref loss: 0.0000 limb loss: 0.0000 lr: 1e-05
iteration: 74000 loss: 0.0007 scmap loss: 0.0007 locref loss: 0.0000 limb loss: 0.0000 lr: 1e-05
iteration: 74500 loss: 0.0007 scmap loss: 0.0007 locref loss: 0.0000 limb loss: 0.0000 lr: 1e-05
iteration: 75000 loss: 0.0007 scmap loss: 0.0007 locref loss: 0.0000 limb loss: 0.0000 lr: 1e-05
iteration: 75500 loss: 0.0007 scmap loss: 0.0007 locref loss: 0.0000 limb loss: 0.0000 lr: 1e-05
iteration: 76000 loss: 0.0007 scmap loss: 0.0007 locref loss: 0.0000 limb loss: 0.0000 lr: 1e-05
iteration: 76500 loss: 0.0007 scmap loss: 0.0007 locref loss: 0.0000 limb loss: 0.0000 lr: 1e-05
iteration: 77000 loss: 0.0007 scmap loss: 0.0007 locref loss: 0.0000 limb loss: 0.0000 lr: 1e-05
iteration: 77500 loss: 0.0007 scmap loss: 0.0007 locref loss: 0.0000 limb loss: 0.0000 lr: 1e-05
iteration: 78000 loss: 0.0007 scmap loss: 0.0007 locref loss: 0.0000 limb loss: 0.0000 lr: 1e-05
iteration: 78500 loss: 0.0007 scmap loss: 0.0007 locref loss: 0.0000 limb loss: 0.0000 lr: 1e-05
iteration: 79000 loss: 0.0007 scmap loss: 0.0007 locref loss: 0.0000 limb loss: 0.0000 lr: 1e-05
iteration: 79500 loss: 0.0007 scmap loss: 0.0006 locref loss: 0.0000 limb loss: 0.0000 lr: 1e-05
iteration: 80000 loss: 0.0007 scmap loss: 0.0006 locref loss: 0.0000 limb loss: 0.0000 lr: 1e-05
iteration: 80500 loss: 0.0007 scmap loss: 0.0006 locref loss: 0.0000 limb loss: 0.0000 lr: 1e-05
iteration: 81000 loss: 0.0007 scmap loss: 0.0007 locref loss: 0.0000 limb loss: 0.0000 lr: 1e-05
iteration: 81500 loss: 0.0007 scmap loss: 0.0007 locref loss: 0.0000 limb loss: 0.0000 lr: 1e-05
iteration: 82000 loss: 0.0007 scmap loss: 0.0006 locref loss: 0.0000 limb loss: 0.0000 lr: 1e-05
iteration: 82500 loss: 0.0007 scmap loss: 0.0006 locref loss: 0.0000 limb loss: 0.0000 lr: 1e-05
iteration: 83000 loss: 0.0007 scmap loss: 0.0006 locref loss: 0.0000 limb loss: 0.0000 lr: 1e-05
iteration: 83500 loss: 0.0007 scmap loss: 0.0006 locref loss: 0.0000 limb loss: 0.0000 lr: 1e-05
iteration: 84000 loss: 0.0007 scmap loss: 0.0007 locref loss: 0.0000 limb loss: 0.0000 lr: 1e-05
iteration: 84500 loss: 0.0007 scmap loss: 0.0007 locref loss: 0.0000 limb loss: 0.0000 lr: 1e-05
iteration: 85000 loss: 0.0007 scmap loss: 0.0006 locref loss: 0.0000 limb loss: 0.0000 lr: 1e-05
iteration: 85500 loss: 0.0007 scmap loss: 0.0006 locref loss: 0.0000 limb loss: 0.0000 lr: 1e-05
iteration: 86000 loss: 0.0007 scmap loss: 0.0006 locref loss: 0.0000 limb loss: 0.0000 lr: 1e-05
iteration: 86500 loss: 0.0007 scmap loss: 0.0006 locref loss: 0.0000 limb loss: 0.0000 lr: 1e-05
iteration: 87000 loss: 0.0007 scmap loss: 0.0006 locref loss: 0.0000 limb loss: 0.0000 lr: 1e-05
iteration: 87500 loss: 0.0007 scmap loss: 0.0007 locref loss: 0.0000 limb loss: 0.0000 lr: 1e-05
iteration: 88000 loss: 0.0007 scmap loss: 0.0006 locref loss: 0.0000 limb loss: 0.0000 lr: 1e-05
iteration: 88500 loss: 0.0007 scmap loss: 0.0006 locref loss: 0.0000 limb loss: 0.0000 lr: 1e-05
iteration: 89000 loss: 0.0007 scmap loss: 0.0006 locref loss: 0.0000 limb loss: 0.0000 lr: 1e-05
iteration: 89500 loss: 0.0007 scmap loss: 0.0006 locref loss: 0.0000 limb loss: 0.0000 lr: 1e-05
iteration: 90000 loss: 0.0007 scmap loss: 0.0006 locref loss: 0.0000 limb loss: 0.0000 lr: 1e-05
iteration: 90500 loss: 0.0007 scmap loss: 0.0006 locref loss: 0.0000 limb loss: 0.0000 lr: 1e-05
iteration: 91000 loss: 0.0007 scmap loss: 0.0006 locref loss: 0.0000 limb loss: 0.0000 lr: 1e-05
iteration: 91500 loss: 0.0007 scmap loss: 0.0006 locref loss: 0.0000 limb loss: 0.0000 lr: 1e-05
iteration: 92000 loss: 0.0007 scmap loss: 0.0006 locref loss: 0.0000 limb loss: 0.0000 lr: 1e-05
iteration: 92500 loss: 0.0007 scmap loss: 0.0006 locref loss: 0.0000 limb loss: 0.0000 lr: 1e-05
iteration: 93000 loss: 0.0007 scmap loss: 0.0006 locref loss: 0.0000 limb loss: 0.0000 lr: 1e-05
iteration: 93500 loss: 0.0007 scmap loss: 0.0006 locref loss: 0.0000 limb loss: 0.0000 lr: 1e-05
iteration: 94000 loss: 0.0007 scmap loss: 0.0006 locref loss: 0.0000 limb loss: 0.0000 lr: 1e-05
iteration: 94500 loss: 0.0007 scmap loss: 0.0006 locref loss: 0.0000 limb loss: 0.0000 lr: 1e-05
iteration: 95000 loss: 0.0007 scmap loss: 0.0006 locref loss: 0.0000 limb loss: 0.0000 lr: 1e-05
iteration: 95500 loss: 0.0007 scmap loss: 0.0006 locref loss: 0.0000 limb loss: 0.0000 lr: 1e-05
iteration: 96000 loss: 0.0007 scmap loss: 0.0006 locref loss: 0.0000 limb loss: 0.0000 lr: 1e-05
iteration: 96500 loss: 0.0007 scmap loss: 0.0006 locref loss: 0.0000 limb loss: 0.0000 lr: 1e-05
iteration: 97000 loss: 0.0007 scmap loss: 0.0006 locref loss: 0.0000 limb loss: 0.0000 lr: 1e-05
iteration: 97500 loss: 0.0007 scmap loss: 0.0006 locref loss: 0.0000 limb loss: 0.0000 lr: 1e-05
iteration: 98000 loss: 0.0007 scmap loss: 0.0006 locref loss: 0.0000 limb loss: 0.0000 lr: 1e-05
iteration: 98500 loss: 0.0007 scmap loss: 0.0006 locref loss: 0.0000 limb loss: 0.0000 lr: 1e-05
iteration: 99000 loss: 0.0007 scmap loss: 0.0006 locref loss: 0.0000 limb loss: 0.0000 lr: 1e-05
iteration: 99500 loss: 0.0007 scmap loss: 0.0006 locref loss: 0.0000 limb loss: 0.0000 lr: 1e-05
iteration: 100000 loss: 0.0007 scmap loss: 0.0006 locref loss: 0.0000 limb loss: 0.0000 lr: 1e-05
iteration: 100500 loss: 0.0006 scmap loss: 0.0006 locref loss: 0.0000 limb loss: 0.0000 lr: 1e-05
iteration: 101000 loss: 0.0007 scmap loss: 0.0006 locref loss: 0.0000 limb loss: 0.0000 lr: 1e-05
iteration: 101500 loss: 0.0007 scmap loss: 0.0006 locref loss: 0.0000 limb loss: 0.0000 lr: 1e-05
iteration: 102000 loss: 0.0007 scmap loss: 0.0006 locref loss: 0.0000 limb loss: 0.0000 lr: 1e-05
iteration: 102500 loss: 0.0007 scmap loss: 0.0006 locref loss: 0.0000 limb loss: 0.0000 lr: 1e-05
iteration: 103000 loss: 0.0006 scmap loss: 0.0006 locref loss: 0.0000 limb loss: 0.0000 lr: 1e-05
iteration: 103500 loss: 0.0007 scmap loss: 0.0006 locref loss: 0.0000 limb loss: 0.0000 lr: 1e-05
iteration: 104000 loss: 0.0006 scmap loss: 0.0006 locref loss: 0.0000 limb loss: 0.0000 lr: 1e-05
iteration: 104500 loss: 0.0007 scmap loss: 0.0006 locref loss: 0.0000 limb loss: 0.0000 lr: 1e-05
iteration: 105000 loss: 0.0006 scmap loss: 0.0006 locref loss: 0.0000 limb loss: 0.0000 lr: 1e-05
iteration: 105500 loss: 0.0006 scmap loss: 0.0006 locref loss: 0.0000 limb loss: 0.0000 lr: 1e-05
iteration: 106000 loss: 0.0007 scmap loss: 0.0006 locref loss: 0.0000 limb loss: 0.0000 lr: 1e-05
iteration: 106500 loss: 0.0006 scmap loss: 0.0006 locref loss: 0.0000 limb loss: 0.0000 lr: 1e-05
iteration: 107000 loss: 0.0006 scmap loss: 0.0006 locref loss: 0.0000 limb loss: 0.0000 lr: 1e-05
iteration: 107500 loss: 0.0006 scmap loss: 0.0006 locref loss: 0.0000 limb loss: 0.0000 lr: 1e-05
iteration: 108000 loss: 0.0006 scmap loss: 0.0006 locref loss: 0.0000 limb loss: 0.0000 lr: 1e-05
iteration: 108500 loss: 0.0006 scmap loss: 0.0006 locref loss: 0.0000 limb loss: 0.0000 lr: 1e-05
iteration: 109000 loss: 0.0006 scmap loss: 0.0006 locref loss: 0.0000 limb loss: 0.0000 lr: 1e-05
iteration: 109500 loss: 0.0006 scmap loss: 0.0006 locref loss: 0.0000 limb loss: 0.0000 lr: 1e-05
iteration: 110000 loss: 0.0006 scmap loss: 0.0006 locref loss: 0.0000 limb loss: 0.0000 lr: 1e-05
iteration: 110500 loss: 0.0006 scmap loss: 0.0006 locref loss: 0.0000 limb loss: 0.0000 lr: 1e-05
iteration: 111000 loss: 0.0006 scmap loss: 0.0006 locref loss: 0.0000 limb loss: 0.0000 lr: 1e-05
iteration: 111500 loss: 0.0006 scmap loss: 0.0006 locref loss: 0.0000 limb loss: 0.0000 lr: 1e-05
iteration: 112000 loss: 0.0006 scmap loss: 0.0006 locref loss: 0.0000 limb loss: 0.0000 lr: 1e-05
iteration: 112500 loss: 0.0006 scmap loss: 0.0006 locref loss: 0.0000 limb loss: 0.0000 lr: 1e-05
iteration: 113000 loss: 0.0006 scmap loss: 0.0006 locref loss: 0.0000 limb loss: 0.0000 lr: 1e-05
iteration: 113500 loss: 0.0006 scmap loss: 0.0006 locref loss: 0.0000 limb loss: 0.0000 lr: 1e-05
iteration: 114000 loss: 0.0006 scmap loss: 0.0006 locref loss: 0.0000 limb loss: 0.0000 lr: 1e-05
iteration: 114500 loss: 0.0006 scmap loss: 0.0006 locref loss: 0.0000 limb loss: 0.0000 lr: 1e-05
iteration: 115000 loss: 0.0006 scmap loss: 0.0006 locref loss: 0.0000 limb loss: 0.0000 lr: 1e-05
iteration: 115500 loss: 0.0006 scmap loss: 0.0006 locref loss: 0.0000 limb loss: 0.0000 lr: 1e-05
iteration: 116000 loss: 0.0006 scmap loss: 0.0006 locref loss: 0.0000 limb loss: 0.0000 lr: 1e-05
iteration: 116500 loss: 0.0006 scmap loss: 0.0006 locref loss: 0.0000 limb loss: 0.0000 lr: 1e-05
iteration: 117000 loss: 0.0006 scmap loss: 0.0006 locref loss: 0.0000 limb loss: 0.0000 lr: 1e-05
iteration: 117500 loss: 0.0006 scmap loss: 0.0006 locref loss: 0.0000 limb loss: 0.0000 lr: 1e-05
iteration: 118000 loss: 0.0006 scmap loss: 0.0006 locref loss: 0.0000 limb loss: 0.0000 lr: 1e-05
iteration: 118500 loss: 0.0006 scmap loss: 0.0006 locref loss: 0.0000 limb loss: 0.0000 lr: 1e-05
iteration: 119000 loss: 0.0006 scmap loss: 0.0006 locref loss: 0.0000 limb loss: 0.0000 lr: 1e-05
iteration: 119500 loss: 0.0006 scmap loss: 0.0006 locref loss: 0.0000 limb loss: 0.0000 lr: 1e-05
iteration: 120000 loss: 0.0006 scmap loss: 0.0006 locref loss: 0.0000 limb loss: 0.0000 lr: 1e-05
iteration: 120500 loss: 0.0006 scmap loss: 0.0006 locref loss: 0.0000 limb loss: 0.0000 lr: 1e-05
iteration: 121000 loss: 0.0006 scmap loss: 0.0006 locref loss: 0.0000 limb loss: 0.0000 lr: 1e-05
iteration: 121500 loss: 0.0006 scmap loss: 0.0006 locref loss: 0.0000 limb loss: 0.0000 lr: 1e-05
iteration: 122000 loss: 0.0006 scmap loss: 0.0006 locref loss: 0.0000 limb loss: 0.0000 lr: 1e-05
iteration: 122500 loss: 0.0006 scmap loss: 0.0006 locref loss: 0.0000 limb loss: 0.0000 lr: 1e-05
iteration: 123000 loss: 0.0006 scmap loss: 0.0006 locref loss: 0.0000 limb loss: 0.0000 lr: 1e-05
iteration: 123500 loss: 0.0006 scmap loss: 0.0006 locref loss: 0.0000 limb loss: 0.0000 lr: 1e-05
iteration: 124000 loss: 0.0006 scmap loss: 0.0006 locref loss: 0.0000 limb loss: 0.0000 lr: 1e-05
iteration: 124500 loss: 0.0006 scmap loss: 0.0006 locref loss: 0.0000 limb loss: 0.0000 lr: 1e-05
iteration: 125000 loss: 0.0006 scmap loss: 0.0006 locref loss: 0.0000 limb loss: 0.0000 lr: 1e-05
iteration: 125500 loss: 0.0006 scmap loss: 0.0006 locref loss: 0.0000 limb loss: 0.0000 lr: 1e-05
iteration: 126000 loss: 0.0006 scmap loss: 0.0006 locref loss: 0.0000 limb loss: 0.0000 lr: 1e-05
iteration: 126500 loss: 0.0006 scmap loss: 0.0006 locref loss: 0.0000 limb loss: 0.0000 lr: 1e-05
iteration: 127000 loss: 0.0006 scmap loss: 0.0006 locref loss: 0.0000 limb loss: 0.0000 lr: 1e-05
iteration: 127500 loss: 0.0006 scmap loss: 0.0006 locref loss: 0.0000 limb loss: 0.0000 lr: 1e-05
iteration: 128000 loss: 0.0006 scmap loss: 0.0006 locref loss: 0.0000 limb loss: 0.0000 lr: 1e-05
iteration: 128500 loss: 0.0006 scmap loss: 0.0006 locref loss: 0.0000 limb loss: 0.0000 lr: 1e-05
iteration: 129000 loss: 0.0006 scmap loss: 0.0006 locref loss: 0.0000 limb loss: 0.0000 lr: 1e-05
iteration: 129500 loss: 0.0006 scmap loss: 0.0006 locref loss: 0.0000 limb loss: 0.0000 lr: 1e-05
iteration: 130000 loss: 0.0006 scmap loss: 0.0006 locref loss: 0.0000 limb loss: 0.0000 lr: 1e-05
iteration: 130500 loss: 0.0006 scmap loss: 0.0006 locref loss: 0.0000 limb loss: 0.0000 lr: 1e-05
iteration: 131000 loss: 0.0006 scmap loss: 0.0006 locref loss: 0.0000 limb loss: 0.0000 lr: 1e-05
iteration: 131500 loss: 0.0006 scmap loss: 0.0006 locref loss: 0.0000 limb loss: 0.0000 lr: 1e-05
iteration: 132000 loss: 0.0006 scmap loss: 0.0006 locref loss: 0.0000 limb loss: 0.0000 lr: 1e-05
iteration: 132500 loss: 0.0006 scmap loss: 0.0006 locref loss: 0.0000 limb loss: 0.0000 lr: 1e-05
iteration: 133000 loss: 0.0006 scmap loss: 0.0006 locref loss: 0.0000 limb loss: 0.0000 lr: 1e-05
iteration: 133500 loss: 0.0006 scmap loss: 0.0006 locref loss: 0.0000 limb loss: 0.0000 lr: 1e-05
iteration: 134000 loss: 0.0006 scmap loss: 0.0006 locref loss: 0.0000 limb loss: 0.0000 lr: 1e-05
iteration: 134500 loss: 0.0006 scmap loss: 0.0006 locref loss: 0.0000 limb loss: 0.0000 lr: 1e-05
iteration: 135000 loss: 0.0006 scmap loss: 0.0006 locref loss: 0.0000 limb loss: 0.0000 lr: 1e-05
iteration: 135500 loss: 0.0006 scmap loss: 0.0006 locref loss: 0.0000 limb loss: 0.0000 lr: 1e-05
iteration: 136000 loss: 0.0006 scmap loss: 0.0006 locref loss: 0.0000 limb loss: 0.0000 lr: 1e-05
iteration: 136500 loss: 0.0006 scmap loss: 0.0006 locref loss: 0.0000 limb loss: 0.0000 lr: 1e-05
iteration: 137000 loss: 0.0006 scmap loss: 0.0006 locref loss: 0.0000 limb loss: 0.0000 lr: 1e-05
iteration: 137500 loss: 0.0006 scmap loss: 0.0006 locref loss: 0.0000 limb loss: 0.0000 lr: 1e-05
iteration: 138000 loss: 0.0006 scmap loss: 0.0006 locref loss: 0.0000 limb loss: 0.0000 lr: 1e-05
iteration: 138500 loss: 0.0006 scmap loss: 0.0006 locref loss: 0.0000 limb loss: 0.0000 lr: 1e-05
iteration: 139000 loss: 0.0006 scmap loss: 0.0006 locref loss: 0.0000 limb loss: 0.0000 lr: 1e-05
iteration: 139500 loss: 0.0006 scmap loss: 0.0006 locref loss: 0.0000 limb loss: 0.0000 lr: 1e-05
iteration: 140000 loss: 0.0006 scmap loss: 0.0006 locref loss: 0.0000 limb loss: 0.0000 lr: 1e-05
iteration: 140500 loss: 0.0006 scmap loss: 0.0006 locref loss: 0.0000 limb loss: 0.0000 lr: 1e-05
iteration: 141000 loss: 0.0006 scmap loss: 0.0006 locref loss: 0.0000 limb loss: 0.0000 lr: 1e-05
iteration: 141500 loss: 0.0006 scmap loss: 0.0006 locref loss: 0.0000 limb loss: 0.0000 lr: 1e-05
iteration: 142000 loss: 0.0006 scmap loss: 0.0006 locref loss: 0.0000 limb loss: 0.0000 lr: 1e-05
iteration: 142500 loss: 0.0006 scmap loss: 0.0006 locref loss: 0.0000 limb loss: 0.0000 lr: 1e-05
iteration: 143000 loss: 0.0006 scmap loss: 0.0006 locref loss: 0.0000 limb loss: 0.0000 lr: 1e-05
iteration: 143500 loss: 0.0006 scmap loss: 0.0006 locref loss: 0.0000 limb loss: 0.0000 lr: 1e-05
iteration: 144000 loss: 0.0006 scmap loss: 0.0006 locref loss: 0.0000 limb loss: 0.0000 lr: 1e-05
iteration: 144500 loss: 0.0006 scmap loss: 0.0006 locref loss: 0.0000 limb loss: 0.0000 lr: 1e-05
iteration: 145000 loss: 0.0006 scmap loss: 0.0006 locref loss: 0.0000 limb loss: 0.0000 lr: 1e-05
iteration: 145500 loss: 0.0006 scmap loss: 0.0006 locref loss: 0.0000 limb loss: 0.0000 lr: 1e-05
iteration: 146000 loss: 0.0006 scmap loss: 0.0006 locref loss: 0.0000 limb loss: 0.0000 lr: 1e-05
iteration: 146500 loss: 0.0006 scmap loss: 0.0006 locref loss: 0.0000 limb loss: 0.0000 lr: 1e-05
iteration: 147000 loss: 0.0006 scmap loss: 0.0006 locref loss: 0.0000 limb loss: 0.0000 lr: 1e-05
iteration: 147500 loss: 0.0006 scmap loss: 0.0006 locref loss: 0.0000 limb loss: 0.0000 lr: 1e-05
iteration: 148000 loss: 0.0006 scmap loss: 0.0006 locref loss: 0.0000 limb loss: 0.0000 lr: 1e-05
iteration: 148500 loss: 0.0006 scmap loss: 0.0006 locref loss: 0.0000 limb loss: 0.0000 lr: 1e-05
iteration: 149000 loss: 0.0006 scmap loss: 0.0006 locref loss: 0.0000 limb loss: 0.0000 lr: 1e-05
iteration: 149500 loss: 0.0006 scmap loss: 0.0006 locref loss: 0.0000 limb loss: 0.0000 lr: 1e-05
iteration: 150000 loss: 0.0006 scmap loss: 0.0006 locref loss: 0.0000 limb loss: 0.0000 lr: 1e-05
iteration: 150500 loss: 0.0006 scmap loss: 0.0005 locref loss: 0.0000 limb loss: 0.0000 lr: 1e-05
iteration: 151000 loss: 0.0006 scmap loss: 0.0006 locref loss: 0.0000 limb loss: 0.0000 lr: 1e-05
iteration: 151500 loss: 0.0006 scmap loss: 0.0006 locref loss: 0.0000 limb loss: 0.0000 lr: 1e-05
iteration: 152000 loss: 0.0006 scmap loss: 0.0006 locref loss: 0.0000 limb loss: 0.0000 lr: 1e-05
iteration: 152500 loss: 0.0006 scmap loss: 0.0006 locref loss: 0.0000 limb loss: 0.0000 lr: 1e-05
iteration: 153000 loss: 0.0006 scmap loss: 0.0006 locref loss: 0.0000 limb loss: 0.0000 lr: 1e-05
iteration: 153500 loss: 0.0006 scmap loss: 0.0006 locref loss: 0.0000 limb loss: 0.0000 lr: 1e-05
iteration: 154000 loss: 0.0006 scmap loss: 0.0005 locref loss: 0.0000 limb loss: 0.0000 lr: 1e-05
iteration: 154500 loss: 0.0006 scmap loss: 0.0006 locref loss: 0.0000 limb loss: 0.0000 lr: 1e-05
iteration: 155000 loss: 0.0006 scmap loss: 0.0005 locref loss: 0.0000 limb loss: 0.0000 lr: 1e-05
iteration: 155500 loss: 0.0006 scmap loss: 0.0005 locref loss: 0.0000 limb loss: 0.0000 lr: 1e-05
iteration: 156000 loss: 0.0006 scmap loss: 0.0006 locref loss: 0.0000 limb loss: 0.0000 lr: 1e-05
iteration: 156500 loss: 0.0006 scmap loss: 0.0005 locref loss: 0.0000 limb loss: 0.0000 lr: 1e-05
iteration: 157000 loss: 0.0006 scmap loss: 0.0006 locref loss: 0.0000 limb loss: 0.0000 lr: 1e-05
iteration: 157500 loss: 0.0006 scmap loss: 0.0005 locref loss: 0.0000 limb loss: 0.0000 lr: 1e-05
iteration: 158000 loss: 0.0006 scmap loss: 0.0006 locref loss: 0.0000 limb loss: 0.0000 lr: 1e-05
iteration: 158500 loss: 0.0006 scmap loss: 0.0006 locref loss: 0.0000 limb loss: 0.0000 lr: 1e-05
iteration: 159000 loss: 0.0006 scmap loss: 0.0006 locref loss: 0.0000 limb loss: 0.0000 lr: 1e-05
iteration: 159500 loss: 0.0006 scmap loss: 0.0005 locref loss: 0.0000 limb loss: 0.0000 lr: 1e-05
iteration: 160000 loss: 0.0006 scmap loss: 0.0006 locref loss: 0.0000 limb loss: 0.0000 lr: 1e-05
iteration: 160500 loss: 0.0006 scmap loss: 0.0006 locref loss: 0.0000 limb loss: 0.0000 lr: 1e-05
iteration: 161000 loss: 0.0006 scmap loss: 0.0006 locref loss: 0.0000 limb loss: 0.0000 lr: 1e-05
iteration: 161500 loss: 0.0006 scmap loss: 0.0005 locref loss: 0.0000 limb loss: 0.0000 lr: 1e-05
iteration: 162000 loss: 0.0006 scmap loss: 0.0006 locref loss: 0.0000 limb loss: 0.0000 lr: 1e-05
iteration: 162500 loss: 0.0006 scmap loss: 0.0005 locref loss: 0.0000 limb loss: 0.0000 lr: 1e-05
iteration: 163000 loss: 0.0006 scmap loss: 0.0006 locref loss: 0.0000 limb loss: 0.0000 lr: 1e-05
iteration: 163500 loss: 0.0006 scmap loss: 0.0006 locref loss: 0.0000 limb loss: 0.0000 lr: 1e-05
iteration: 164000 loss: 0.0006 scmap loss: 0.0005 locref loss: 0.0000 limb loss: 0.0000 lr: 1e-05
iteration: 164500 loss: 0.0006 scmap loss: 0.0006 locref loss: 0.0000 limb loss: 0.0000 lr: 1e-05
iteration: 165000 loss: 0.0006 scmap loss: 0.0006 locref loss: 0.0000 limb loss: 0.0000 lr: 1e-05
iteration: 165500 loss: 0.0006 scmap loss: 0.0006 locref loss: 0.0000 limb loss: 0.0000 lr: 1e-05
iteration: 166000 loss: 0.0006 scmap loss: 0.0006 locref loss: 0.0000 limb loss: 0.0000 lr: 1e-05
iteration: 166500 loss: 0.0006 scmap loss: 0.0005 locref loss: 0.0000 limb loss: 0.0000 lr: 1e-05
iteration: 167000 loss: 0.0006 scmap loss: 0.0005 locref loss: 0.0000 limb loss: 0.0000 lr: 1e-05
iteration: 167500 loss: 0.0006 scmap loss: 0.0005 locref loss: 0.0000 limb loss: 0.0000 lr: 1e-05
iteration: 168000 loss: 0.0006 scmap loss: 0.0005 locref loss: 0.0000 limb loss: 0.0000 lr: 1e-05
iteration: 168500 loss: 0.0006 scmap loss: 0.0005 locref loss: 0.0000 limb loss: 0.0000 lr: 1e-05
iteration: 169000 loss: 0.0006 scmap loss: 0.0005 locref loss: 0.0000 limb loss: 0.0000 lr: 1e-05
iteration: 169500 loss: 0.0006 scmap loss: 0.0005 locref loss: 0.0000 limb loss: 0.0000 lr: 1e-05
iteration: 170000 loss: 0.0006 scmap loss: 0.0005 locref loss: 0.0000 limb loss: 0.0000 lr: 1e-05
iteration: 170500 loss: 0.0006 scmap loss: 0.0005 locref loss: 0.0000 limb loss: 0.0000 lr: 1e-05
iteration: 171000 loss: 0.0006 scmap loss: 0.0005 locref loss: 0.0000 limb loss: 0.0000 lr: 1e-05
iteration: 171500 loss: 0.0006 scmap loss: 0.0005 locref loss: 0.0000 limb loss: 0.0000 lr: 1e-05
iteration: 172000 loss: 0.0006 scmap loss: 0.0005 locref loss: 0.0000 limb loss: 0.0000 lr: 1e-05
iteration: 172500 loss: 0.0006 scmap loss: 0.0005 locref loss: 0.0000 limb loss: 0.0000 lr: 1e-05
iteration: 173000 loss: 0.0006 scmap loss: 0.0005 locref loss: 0.0000 limb loss: 0.0000 lr: 1e-05
iteration: 173500 loss: 0.0006 scmap loss: 0.0005 locref loss: 0.0000 limb loss: 0.0000 lr: 1e-05
iteration: 174000 loss: 0.0006 scmap loss: 0.0005 locref loss: 0.0000 limb loss: 0.0000 lr: 1e-05
iteration: 174500 loss: 0.0006 scmap loss: 0.0005 locref loss: 0.0000 limb loss: 0.0000 lr: 1e-05
iteration: 175000 loss: 0.0006 scmap loss: 0.0005 locref loss: 0.0000 limb loss: 0.0000 lr: 1e-05
iteration: 175500 loss: 0.0006 scmap loss: 0.0005 locref loss: 0.0000 limb loss: 0.0000 lr: 1e-05
iteration: 176000 loss: 0.0006 scmap loss: 0.0005 locref loss: 0.0000 limb loss: 0.0000 lr: 1e-05
iteration: 176500 loss: 0.0006 scmap loss: 0.0005 locref loss: 0.0000 limb loss: 0.0000 lr: 1e-05
iteration: 177000 loss: 0.0006 scmap loss: 0.0005 locref loss: 0.0000 limb loss: 0.0000 lr: 1e-05
iteration: 177500 loss: 0.0006 scmap loss: 0.0005 locref loss: 0.0000 limb loss: 0.0000 lr: 1e-05
iteration: 178000 loss: 0.0006 scmap loss: 0.0005 locref loss: 0.0000 limb loss: 0.0000 lr: 1e-05
iteration: 178500 loss: 0.0006 scmap loss: 0.0005 locref loss: 0.0000 limb loss: 0.0000 lr: 1e-05
iteration: 179000 loss: 0.0006 scmap loss: 0.0005 locref loss: 0.0000 limb loss: 0.0000 lr: 1e-05
iteration: 179500 loss: 0.0006 scmap loss: 0.0005 locref loss: 0.0000 limb loss: 0.0000 lr: 1e-05
iteration: 180000 loss: 0.0006 scmap loss: 0.0005 locref loss: 0.0000 limb loss: 0.0000 lr: 1e-05
iteration: 180500 loss: 0.0006 scmap loss: 0.0005 locref loss: 0.0000 limb loss: 0.0000 lr: 1e-05
iteration: 181000 loss: 0.0006 scmap loss: 0.0005 locref loss: 0.0000 limb loss: 0.0000 lr: 1e-05
iteration: 181500 loss: 0.0006 scmap loss: 0.0005 locref loss: 0.0000 limb loss: 0.0000 lr: 1e-05
iteration: 182000 loss: 0.0006 scmap loss: 0.0005 locref loss: 0.0000 limb loss: 0.0000 lr: 1e-05
iteration: 182500 loss: 0.0006 scmap loss: 0.0005 locref loss: 0.0000 limb loss: 0.0000 lr: 1e-05
iteration: 183000 loss: 0.0006 scmap loss: 0.0005 locref loss: 0.0000 limb loss: 0.0000 lr: 1e-05
iteration: 183500 loss: 0.0006 scmap loss: 0.0005 locref loss: 0.0000 limb loss: 0.0000 lr: 1e-05
iteration: 184000 loss: 0.0006 scmap loss: 0.0005 locref loss: 0.0000 limb loss: 0.0000 lr: 1e-05
iteration: 184500 loss: 0.0006 scmap loss: 0.0005 locref loss: 0.0000 limb loss: 0.0000 lr: 1e-05
iteration: 185000 loss: 0.0006 scmap loss: 0.0005 locref loss: 0.0000 limb loss: 0.0000 lr: 1e-05
iteration: 185500 loss: 0.0006 scmap loss: 0.0005 locref loss: 0.0000 limb loss: 0.0000 lr: 1e-05
iteration: 186000 loss: 0.0006 scmap loss: 0.0005 locref loss: 0.0000 limb loss: 0.0000 lr: 1e-05
iteration: 186500 loss: 0.0006 scmap loss: 0.0005 locref loss: 0.0000 limb loss: 0.0000 lr: 1e-05
iteration: 187000 loss: 0.0006 scmap loss: 0.0005 locref loss: 0.0000 limb loss: 0.0000 lr: 1e-05
iteration: 187500 loss: 0.0006 scmap loss: 0.0005 locref loss: 0.0000 limb loss: 0.0000 lr: 1e-05
iteration: 188000 loss: 0.0006 scmap loss: 0.0005 locref loss: 0.0000 limb loss: 0.0000 lr: 1e-05
iteration: 188500 loss: 0.0006 scmap loss: 0.0005 locref loss: 0.0000 limb loss: 0.0000 lr: 1e-05
iteration: 189000 loss: 0.0006 scmap loss: 0.0005 locref loss: 0.0000 limb loss: 0.0000 lr: 1e-05
iteration: 189500 loss: 0.0006 scmap loss: 0.0005 locref loss: 0.0000 limb loss: 0.0000 lr: 1e-05
iteration: 190000 loss: 0.0006 scmap loss: 0.0005 locref loss: 0.0000 limb loss: 0.0000 lr: 1e-05
iteration: 190500 loss: 0.0006 scmap loss: 0.0005 locref loss: 0.0000 limb loss: 0.0000 lr: 1e-05
iteration: 191000 loss: 0.0006 scmap loss: 0.0005 locref loss: 0.0000 limb loss: 0.0000 lr: 1e-05
iteration: 191500 loss: 0.0006 scmap loss: 0.0005 locref loss: 0.0000 limb loss: 0.0000 lr: 1e-05
iteration: 192000 loss: 0.0006 scmap loss: 0.0005 locref loss: 0.0000 limb loss: 0.0000 lr: 1e-05
iteration: 192500 loss: 0.0006 scmap loss: 0.0005 locref loss: 0.0000 limb loss: 0.0000 lr: 1e-05
iteration: 193000 loss: 0.0006 scmap loss: 0.0005 locref loss: 0.0000 limb loss: 0.0000 lr: 1e-05
iteration: 193500 loss: 0.0006 scmap loss: 0.0005 locref loss: 0.0000 limb loss: 0.0000 lr: 1e-05
iteration: 194000 loss: 0.0006 scmap loss: 0.0005 locref loss: 0.0000 limb loss: 0.0000 lr: 1e-05
iteration: 194500 loss: 0.0006 scmap loss: 0.0005 locref loss: 0.0000 limb loss: 0.0000 lr: 1e-05
iteration: 195000 loss: 0.0006 scmap loss: 0.0005 locref loss: 0.0000 limb loss: 0.0000 lr: 1e-05
iteration: 195500 loss: 0.0006 scmap loss: 0.0005 locref loss: 0.0000 limb loss: 0.0000 lr: 1e-05
iteration: 196000 loss: 0.0006 scmap loss: 0.0005 locref loss: 0.0000 limb loss: 0.0000 lr: 1e-05
iteration: 196500 loss: 0.0006 scmap loss: 0.0005 locref loss: 0.0000 limb loss: 0.0000 lr: 1e-05
iteration: 197000 loss: 0.0006 scmap loss: 0.0005 locref loss: 0.0000 limb loss: 0.0000 lr: 1e-05
iteration: 197500 loss: 0.0005 scmap loss: 0.0005 locref loss: 0.0000 limb loss: 0.0000 lr: 1e-05
iteration: 198000 loss: 0.0006 scmap loss: 0.0005 locref loss: 0.0000 limb loss: 0.0000 lr: 1e-05
iteration: 198500 loss: 0.0006 scmap loss: 0.0005 locref loss: 0.0000 limb loss: 0.0000 lr: 1e-05
iteration: 199000 loss: 0.0006 scmap loss: 0.0005 locref loss: 0.0000 limb loss: 0.0000 lr: 1e-05
iteration: 199500 loss: 0.0006 scmap loss: 0.0005 locref loss: 0.0000 limb loss: 0.0000 lr: 1e-05
iteration: 200000 loss: 0.0006 scmap loss: 0.0005 locref loss: 0.0000 limb loss: 0.0000 lr: 1e-05
Exception in thread Thread-2:
Traceback (most recent call last):
  File "/home/jma819/.conda/envs/tensorflow-gpu-env/lib/python3.6/threading.py", line 916, in _bootstrap_inner
    self.run()
  File "/home/jma819/.conda/envs/tensorflow-gpu-env/lib/python3.6/threading.py", line 864, in run
    self._target(*self._args, **self._kwargs)
  File "/home/jma819/DeepLabCut/deeplabcut/pose_estimation_tensorflow/train_multianimal.py", line 78, in load_and_enqueue
    sess.run(enqueue_op, feed_dict=food)
  File "/home/jma819/.conda/envs/tensorflow-gpu-env/lib/python3.6/site-packages/tensorflow/python/client/session.py", line 929, in run
    run_metadata_ptr)
  File "/home/jma819/.conda/envs/tensorflow-gpu-env/lib/python3.6/site-packages/tensorflow/python/client/session.py", line 1075, in _run
    raise RuntimeError('Attempted to use a closed Session.')
RuntimeError: Attempted to use a closed Session.

DLC loaded in light mode; you cannot use any GUI (labeling, relabeling and standalone GUI)
/projects/p30771/dlc_analysis/social_interaction_test-JJM-2021-06-13/training-datasets/iteration-0/UnaugmentedDataSet_social_interaction_testJun13  already exists!
Utilizing the following graph: [[7, 8], [1, 7], [2, 7], [8, 9], [9, 10], [6, 8], [4, 6], [5, 6], [5, 8], [0, 8], [0, 4], [0, 3], [3, 4], [3, 5]]
Creating training data for  1 0.95
This can take some time...
The training dataset is successfully created. Use the function 'train_network' to start training. Happy training!
Selecting multi-animal trainer
Activating limb prediction...
Starting with multi-animal imaug + adam pose-dataset loader.
Batch Size is 8
Getting specs multi-animal-imgaug 14 11
Initializing ResNet
Loading ImageNet-pretrained resnet_50
Max_iters overwritten as 200000
Training parameters:
{'stride': 8.0, 'weigh_part_predictions': False, 'weigh_negatives': False, 'fg_fraction': 0.25, 'mean_pixel': [123.68, 116.779, 103.939], 'shuffle': True, 'snapshot_prefix': '/projects/p30771/dlc_analysis/social_interaction_test-JJM-2021-06-13/dlc-models/iteration-0/social_interaction_testJun13-trainset95shuffle1/train/snapshot', 'log_dir': 'log', 'global_scale': 0.8, 'location_refinement': True, 'locref_stdev': 7.2801, 'locref_loss_weight': 0.05, 'locref_huber_loss': True, 'optimizer': 'adam', 'intermediate_supervision': False, 'intermediate_supervision_layer': 12, 'regularize': False, 'weight_decay': 0.0001, 'crop_pad': 0, 'scoremap_dir': 'test', 'batch_size': 8, 'dataset_type': 'multi-animal-imgaug', 'deterministic': False, 'mirror': False, 'pairwise_huber_loss': False, 'weigh_only_present_joints': False, 'partaffinityfield_predict': True, 'pairwise_predict': True, 'all_joints': [[0], [1], [2], [3], [4], [5], [6], [7], [8], [9], [10]], 'all_joints_names': ['snout', 'ear_L', 'ear_R', 'front_paw_L', 'front_paw_R', 'rear_paw_L', 'rear_paw_R', 'mid_back', 'tail_base', 'mid_tail', 'tail_tip'], 'cropratio': 0.4, 'dataset': 'training-datasets/iteration-0/UnaugmentedDataSet_social_interaction_testJun13/social_interaction_test_JJM95shuffle1.pickle', 'display_iters': 500, 'init_weights': '/home/jma819/DeepLabCut/deeplabcut/pose_estimation_tensorflow/models/pretrained/resnet_v1_50.ckpt', 'max_input_size': 1500, 'metadataset': 'training-datasets/iteration-0/UnaugmentedDataSet_social_interaction_testJun13/Documentation_data-social_interaction_test_95shuffle1.pickle', 'min_input_size': 64, 'multi_step': [[0.0001, 7500], [5e-05, 12000], [1e-05, 200000]], 'net_type': 'resnet_50', 'num_joints': 11, 'num_limbs': 14, 'pafwidth': 20, 'pairwise_loss_weight': 0.1, 'partaffinityfield_graph': [[7, 8], [1, 7], [2, 7], [8, 9], [9, 10], [6, 8], [4, 6], [5, 6], [5, 8], [0, 8], [0, 4], [0, 3], [3, 4], [3, 5]], 'pos_dist_thresh': 17, 'project_path': '/projects/p30771/dlc_analysis/social_interaction_test-JJM-2021-06-13', 'rotation': 25, 'rotratio': 0.4, 'save_iters': 10000, 'scale_jitter_lo': 0.5, 'scale_jitter_up': 1.25}
Starting multi-animal training....
The network is now trained and ready to evaluate. Use the function 'evaluate_network' to evaluate the network.
finished evaluating
