CUDA-powered GPUs also support programming frameworks such as OpenMP, OpenACC
and OpenCL; and HIP by compiling such code to CUDA. 
config file is: /projects/b1118/behaviorvideos/rotary_wheel_side_view -JJM-2021-09-17/config.yaml
/home/jma819/.conda/envs/py36_tensorflow_gpu_1_12_1/lib/python3.6/site-packages/tensorflow/python/framework/dtypes.py:523: FutureWarning: Passing (type, 1) or '1type' as a synonym of type is deprecated; in a future version of numpy, it will be understood as (type, (1,)) / '(1,)type'.
  _np_qint8 = np.dtype([("qint8", np.int8, 1)])
/home/jma819/.conda/envs/py36_tensorflow_gpu_1_12_1/lib/python3.6/site-packages/tensorflow/python/framework/dtypes.py:524: FutureWarning: Passing (type, 1) or '1type' as a synonym of type is deprecated; in a future version of numpy, it will be understood as (type, (1,)) / '(1,)type'.
  _np_quint8 = np.dtype([("quint8", np.uint8, 1)])
/home/jma819/.conda/envs/py36_tensorflow_gpu_1_12_1/lib/python3.6/site-packages/tensorflow/python/framework/dtypes.py:525: FutureWarning: Passing (type, 1) or '1type' as a synonym of type is deprecated; in a future version of numpy, it will be understood as (type, (1,)) / '(1,)type'.
  _np_qint16 = np.dtype([("qint16", np.int16, 1)])
/home/jma819/.conda/envs/py36_tensorflow_gpu_1_12_1/lib/python3.6/site-packages/tensorflow/python/framework/dtypes.py:526: FutureWarning: Passing (type, 1) or '1type' as a synonym of type is deprecated; in a future version of numpy, it will be understood as (type, (1,)) / '(1,)type'.
  _np_quint16 = np.dtype([("quint16", np.uint16, 1)])
/home/jma819/.conda/envs/py36_tensorflow_gpu_1_12_1/lib/python3.6/site-packages/tensorflow/python/framework/dtypes.py:527: FutureWarning: Passing (type, 1) or '1type' as a synonym of type is deprecated; in a future version of numpy, it will be understood as (type, (1,)) / '(1,)type'.
  _np_qint32 = np.dtype([("qint32", np.int32, 1)])
/home/jma819/.conda/envs/py36_tensorflow_gpu_1_12_1/lib/python3.6/site-packages/tensorflow/python/framework/dtypes.py:532: FutureWarning: Passing (type, 1) or '1type' as a synonym of type is deprecated; in a future version of numpy, it will be understood as (type, (1,)) / '(1,)type'.
  np_resource = np.dtype([("resource", np.ubyte, 1)])
Traceback (most recent call last):
  File "dlc_change_windows_file_paths.py", line 13, in <module>
    deeplabcut.convertannotationdata_fromwindows2unixstyle(path_config_file, False)
  File "/home/jma819/.conda/envs/py36_tensorflow_gpu_1_12_1/lib/python3.6/site-packages/deeplabcut/utils/conversioncode.py", line 41, in convertannotationdata_fromwindows2unixstyle
    cfg = auxiliaryfunctions.read_config(config)
  File "/home/jma819/.conda/envs/py36_tensorflow_gpu_1_12_1/lib/python3.6/site-packages/deeplabcut/utils/auxiliaryfunctions.py", line 188, in read_config
    "Config file is not found. Please make sure that the file exists and/or that you passed the path of the config file correctly!"
FileNotFoundError: Config file is not found. Please make sure that the file exists and/or that you passed the path of the config file correctly!
