CUDA-powered GPUs also support programming frameworks such as OpenMP, OpenACC
and OpenCL; and HIP by compiling such code to CUDA. 
config file is: /projects/b1118/behaviorvideos/rotarod_side_view_multi_animal-JJM-2021-08-25/config.yaml
directory with behavior videos is: /projects/b1118/behaviorvideos/rotarod_videos/06282020
2021-09-17 12:53:58.902924: I tensorflow/core/platform/cpu_feature_guard.cc:141] Your CPU supports instructions that this TensorFlow binary was not compiled to use: SSE4.1 SSE4.2 AVX AVX2 AVX512F FMA
2021-09-17 12:53:59.050502: I tensorflow/core/common_runtime/gpu/gpu_device.cc:1432] Found device 0 with properties: 
name: NVIDIA A100-PCIE-40GB major: 8 minor: 0 memoryClockRate(GHz): 1.41
pciBusID: 0000:06:00.0
totalMemory: 39.59GiB freeMemory: 39.18GiB
2021-09-17 12:53:59.050570: I tensorflow/core/common_runtime/gpu/gpu_device.cc:1511] Adding visible gpu devices: 0
2021-09-17 12:57:23.953372: I tensorflow/core/common_runtime/gpu/gpu_device.cc:982] Device interconnect StreamExecutor with strength 1 edge matrix:
2021-09-17 12:57:23.953435: I tensorflow/core/common_runtime/gpu/gpu_device.cc:988]      0 
2021-09-17 12:57:23.953453: I tensorflow/core/common_runtime/gpu/gpu_device.cc:1001] 0:   N 
2021-09-17 12:57:23.986310: I tensorflow/core/common_runtime/gpu/gpu_device.cc:1115] Created TensorFlow device (/job:localhost/replica:0/task:0/device:GPU:0 with 38036 MB memory) -> physical GPU (device: 0, name: NVIDIA A100-PCIE-40GB, pci bus id: 0000:06:00.0, compute capability: 8.0)
/home/jma819/.conda/envs/tensorflow-gpu-env/lib/python3.6/site-packages/tensorflow/python/framework/dtypes.py:523: FutureWarning: Passing (type, 1) or '1type' as a synonym of type is deprecated; in a future version of numpy, it will be understood as (type, (1,)) / '(1,)type'.
  _np_qint8 = np.dtype([("qint8", np.int8, 1)])
/home/jma819/.conda/envs/tensorflow-gpu-env/lib/python3.6/site-packages/tensorflow/python/framework/dtypes.py:524: FutureWarning: Passing (type, 1) or '1type' as a synonym of type is deprecated; in a future version of numpy, it will be understood as (type, (1,)) / '(1,)type'.
  _np_quint8 = np.dtype([("quint8", np.uint8, 1)])
/home/jma819/.conda/envs/tensorflow-gpu-env/lib/python3.6/site-packages/tensorflow/python/framework/dtypes.py:525: FutureWarning: Passing (type, 1) or '1type' as a synonym of type is deprecated; in a future version of numpy, it will be understood as (type, (1,)) / '(1,)type'.
  _np_qint16 = np.dtype([("qint16", np.int16, 1)])
/home/jma819/.conda/envs/tensorflow-gpu-env/lib/python3.6/site-packages/tensorflow/python/framework/dtypes.py:526: FutureWarning: Passing (type, 1) or '1type' as a synonym of type is deprecated; in a future version of numpy, it will be understood as (type, (1,)) / '(1,)type'.
  _np_quint16 = np.dtype([("quint16", np.uint16, 1)])
/home/jma819/.conda/envs/tensorflow-gpu-env/lib/python3.6/site-packages/tensorflow/python/framework/dtypes.py:527: FutureWarning: Passing (type, 1) or '1type' as a synonym of type is deprecated; in a future version of numpy, it will be understood as (type, (1,)) / '(1,)type'.
  _np_qint32 = np.dtype([("qint32", np.int32, 1)])
/home/jma819/.conda/envs/tensorflow-gpu-env/lib/python3.6/site-packages/tensorflow/python/framework/dtypes.py:532: FutureWarning: Passing (type, 1) or '1type' as a synonym of type is deprecated; in a future version of numpy, it will be understood as (type, (1,)) / '(1,)type'.
  np_resource = np.dtype([("resource", np.ubyte, 1)])
  0%|          | 0/15249 [00:00<?, ?it/s]slurmstepd: error: *** JOB 129266 ON qgpu0201 CANCELLED AT 2021-09-18T12:59:09 DUE TO TIME LIMIT ***
