Module is experimental. 
config file is: /projects/p30771/dlc_analysis/GRIN_rotarod_rearview-JJM-2020-04-02/config.yaml
/home/jma819/.conda/envs/tensorflow-gpu-env/lib/python3.6/site-packages/tensorflow/python/framework/dtypes.py:523: FutureWarning: Passing (type, 1) or '1type' as a synonym of type is deprecated; in a future version of numpy, it will be understood as (type, (1,)) / '(1,)type'.
  _np_qint8 = np.dtype([("qint8", np.int8, 1)])
/home/jma819/.conda/envs/tensorflow-gpu-env/lib/python3.6/site-packages/tensorflow/python/framework/dtypes.py:524: FutureWarning: Passing (type, 1) or '1type' as a synonym of type is deprecated; in a future version of numpy, it will be understood as (type, (1,)) / '(1,)type'.
  _np_quint8 = np.dtype([("quint8", np.uint8, 1)])
/home/jma819/.conda/envs/tensorflow-gpu-env/lib/python3.6/site-packages/tensorflow/python/framework/dtypes.py:525: FutureWarning: Passing (type, 1) or '1type' as a synonym of type is deprecated; in a future version of numpy, it will be understood as (type, (1,)) / '(1,)type'.
  _np_qint16 = np.dtype([("qint16", np.int16, 1)])
/home/jma819/.conda/envs/tensorflow-gpu-env/lib/python3.6/site-packages/tensorflow/python/framework/dtypes.py:526: FutureWarning: Passing (type, 1) or '1type' as a synonym of type is deprecated; in a future version of numpy, it will be understood as (type, (1,)) / '(1,)type'.
  _np_quint16 = np.dtype([("quint16", np.uint16, 1)])
/home/jma819/.conda/envs/tensorflow-gpu-env/lib/python3.6/site-packages/tensorflow/python/framework/dtypes.py:527: FutureWarning: Passing (type, 1) or '1type' as a synonym of type is deprecated; in a future version of numpy, it will be understood as (type, (1,)) / '(1,)type'.
  _np_qint32 = np.dtype([("qint32", np.int32, 1)])
/home/jma819/.conda/envs/tensorflow-gpu-env/lib/python3.6/site-packages/tensorflow/python/framework/dtypes.py:532: FutureWarning: Passing (type, 1) or '1type' as a synonym of type is deprecated; in a future version of numpy, it will be understood as (type, (1,)) / '(1,)type'.
  np_resource = np.dtype([("resource", np.ubyte, 1)])
DLC loaded in light mode; you cannot use any GUI (labeling, relabeling and standalone GUI)
/projects/p30771/dlc_analysis/GRIN_rotarod_rearview-JJM-2020-04-02/GRIN_rotarod_rearview-JJM-2020-04-02/labeled-data/behavCam1/CollectedData_JJM.h5  not found (perhaps not annotated)
/projects/p30771/dlc_analysis/GRIN_rotarod_rearview-JJM-2020-04-02/GRIN_rotarod_rearview-JJM-2020-04-02/labeled-data/behavCam2/CollectedData_JJM.h5  not found (perhaps not annotated)
/projects/p30771/dlc_analysis/GRIN_rotarod_rearview-JJM-2020-04-02/GRIN_rotarod_rearview-JJM-2020-04-02/labeled-data/behavCam3/CollectedData_JJM.h5  not found (perhaps not annotated)
/projects/p30771/dlc_analysis/GRIN_rotarod_rearview-JJM-2020-04-02/GRIN_rotarod_rearview-JJM-2020-04-02/labeled-data/behavCam4/CollectedData_JJM.h5  not found (perhaps not annotated)
/projects/p30771/dlc_analysis/GRIN_rotarod_rearview-JJM-2020-04-02/GRIN_rotarod_rearview-JJM-2020-04-02/labeled-data/behavCam5/CollectedData_JJM.h5  not found (perhaps not annotated)
/projects/p30771/dlc_analysis/GRIN_rotarod_rearview-JJM-2020-04-02/GRIN_rotarod_rearview-JJM-2020-04-02/labeled-data/behavCam6/CollectedData_JJM.h5  not found (perhaps not annotated)
Annotation data was not found by splitting video paths (from config['video_sets']). An alternative route is taken...
Traceback (most recent call last):
  File "run_dlc_openfield.py", line 13, in <module>
    deeplabcut.create_training_dataset(path_config_file)
  File "/home/jma819/DeepLabCut/deeplabcut/generate_training_dataset/trainingsetmanipulation.py", line 573, in create_training_dataset
    Data = merge_annotateddatasets(cfg,project_path,Path(os.path.join(project_path,trainingsetfolder)),windows2linux)
  File "/home/jma819/DeepLabCut/deeplabcut/generate_training_dataset/trainingsetmanipulation.py", line 400, in merge_annotateddatasets
    AnnotationData=conversioncode.merge_windowsannotationdataONlinuxsystem(cfg)
  File "/home/jma819/DeepLabCut/deeplabcut/utils/conversioncode.py", line 195, in merge_windowsannotationdataONlinuxsystem
    annotationfolders=[fn for fn in os.listdir(data_path) if "_labeled" not in fn]
FileNotFoundError: [Errno 2] No such file or directory: '/projects/p30771/dlc_analysis/GRIN_rotarod_rearview-JJM-2020-04-02/GRIN_rotarod_rearview-JJM-2020-04-02/labeled-data'
