Module is experimental. 
config file is: /projects/p30771/dlc_analysis/GRIN_rotarod_rearview-JJM-2020-04-02/config.yaml
directory with behavior videos is: /projects/p30771/dlc_analysis/behavcamvideos/rotarod/3_19_2020/H16_M33_S20
VIDIOC_REQBUFS: Inappropriate ioctl for device
/home/jma819/.conda/envs/tensorflow-gpu-env/lib/python3.6/site-packages/tensorflow/python/framework/dtypes.py:523: FutureWarning: Passing (type, 1) or '1type' as a synonym of type is deprecated; in a future version of numpy, it will be understood as (type, (1,)) / '(1,)type'.
  _np_qint8 = np.dtype([("qint8", np.int8, 1)])
/home/jma819/.conda/envs/tensorflow-gpu-env/lib/python3.6/site-packages/tensorflow/python/framework/dtypes.py:524: FutureWarning: Passing (type, 1) or '1type' as a synonym of type is deprecated; in a future version of numpy, it will be understood as (type, (1,)) / '(1,)type'.
  _np_quint8 = np.dtype([("quint8", np.uint8, 1)])
/home/jma819/.conda/envs/tensorflow-gpu-env/lib/python3.6/site-packages/tensorflow/python/framework/dtypes.py:525: FutureWarning: Passing (type, 1) or '1type' as a synonym of type is deprecated; in a future version of numpy, it will be understood as (type, (1,)) / '(1,)type'.
  _np_qint16 = np.dtype([("qint16", np.int16, 1)])
/home/jma819/.conda/envs/tensorflow-gpu-env/lib/python3.6/site-packages/tensorflow/python/framework/dtypes.py:526: FutureWarning: Passing (type, 1) or '1type' as a synonym of type is deprecated; in a future version of numpy, it will be understood as (type, (1,)) / '(1,)type'.
  _np_quint16 = np.dtype([("quint16", np.uint16, 1)])
/home/jma819/.conda/envs/tensorflow-gpu-env/lib/python3.6/site-packages/tensorflow/python/framework/dtypes.py:527: FutureWarning: Passing (type, 1) or '1type' as a synonym of type is deprecated; in a future version of numpy, it will be understood as (type, (1,)) / '(1,)type'.
  _np_qint32 = np.dtype([("qint32", np.int32, 1)])
/home/jma819/.conda/envs/tensorflow-gpu-env/lib/python3.6/site-packages/tensorflow/python/framework/dtypes.py:532: FutureWarning: Passing (type, 1) or '1type' as a synonym of type is deprecated; in a future version of numpy, it will be understood as (type, (1,)) / '(1,)type'.
  np_resource = np.dtype([("resource", np.ubyte, 1)])
DLC loaded in light mode; you cannot use any GUI (labeling, relabeling and standalone GUI)
Using snapshot-300000 for model /projects/p30771/dlc_analysis/GRIN_rotarod_rearview-JJM-2020-04-02/dlc-models/iteration-0/GRIN_rotarod_rearviewApr2-trainset95shuffle1
Initializing ResNet
Starting to analyze %  /projects/p30771/dlc_analysis/behavcamvideos/rotarod/3_19_2020/H16_M33_S20/behavCam1.avi
Loading  /projects/p30771/dlc_analysis/behavcamvideos/rotarod/3_19_2020/H16_M33_S20/behavCam1.avi
Traceback (most recent call last):
  File "dlc_analyze_new_videos.py", line 16, in <module>
    deeplabcut.analyze_videos(path_config_file, avi_list, videotype='.avi')
  File "/home/jma819/DeepLabCut/deeplabcut/pose_estimation_tensorflow/predict_videos.py", line 216, in analyze_videos
    DLCscorer=AnalyzeVideo(video,DLCscorer,DLCscorerlegacy,trainFraction,cfg,dlc_cfg,sess,inputs, outputs,pdindex,save_as_csv, destfolder,TFGPUinference,dynamic)
  File "/home/jma819/DeepLabCut/deeplabcut/pose_estimation_tensorflow/predict_videos.py", line 476, in AnalyzeVideo
    duration=nframes*1./fps
ZeroDivisionError: float division by zero
