Module is experimental. 
config file is: /projects/p30771/dlc_analysis/dlc_22_miniscope_openfield-JJM-2021-04-25-JJM-2021-04-25/config.yaml
directory with behavior videos is: /projects/b1118/behaviorvideos/042021_run/GRIN013_H13_M33_S54_tomove.txt/
2021-05-02 16:48:22.538201: I tensorflow/core/platform/cpu_feature_guard.cc:141] Your CPU supports instructions that this TensorFlow binary was not compiled to use: SSE4.1 SSE4.2 AVX AVX2 FMA
2021-05-02 16:48:22.613893: I tensorflow/core/common_runtime/gpu/gpu_device.cc:1432] Found device 0 with properties: 
name: Tesla K40m major: 3 minor: 5 memoryClockRate(GHz): 0.745
pciBusID: 0000:81:00.0
totalMemory: 11.17GiB freeMemory: 11.10GiB
2021-05-02 16:48:22.613980: I tensorflow/core/common_runtime/gpu/gpu_device.cc:1511] Adding visible gpu devices: 0
2021-05-02 16:48:22.897265: I tensorflow/core/common_runtime/gpu/gpu_device.cc:982] Device interconnect StreamExecutor with strength 1 edge matrix:
2021-05-02 16:48:22.897361: I tensorflow/core/common_runtime/gpu/gpu_device.cc:988]      0 
2021-05-02 16:48:22.897377: I tensorflow/core/common_runtime/gpu/gpu_device.cc:1001] 0:   N 
2021-05-02 16:48:22.897479: I tensorflow/core/common_runtime/gpu/gpu_device.cc:1115] Created TensorFlow device (/job:localhost/replica:0/task:0/device:GPU:0 with 10753 MB memory) -> physical GPU (device: 0, name: Tesla K40m, pci bus id: 0000:81:00.0, compute capability: 3.5)
/home/jma819/.conda/envs/tensorflow-gpu-env/lib/python3.6/site-packages/tensorflow/python/framework/dtypes.py:523: FutureWarning: Passing (type, 1) or '1type' as a synonym of type is deprecated; in a future version of numpy, it will be understood as (type, (1,)) / '(1,)type'.
  _np_qint8 = np.dtype([("qint8", np.int8, 1)])
/home/jma819/.conda/envs/tensorflow-gpu-env/lib/python3.6/site-packages/tensorflow/python/framework/dtypes.py:524: FutureWarning: Passing (type, 1) or '1type' as a synonym of type is deprecated; in a future version of numpy, it will be understood as (type, (1,)) / '(1,)type'.
  _np_quint8 = np.dtype([("quint8", np.uint8, 1)])
/home/jma819/.conda/envs/tensorflow-gpu-env/lib/python3.6/site-packages/tensorflow/python/framework/dtypes.py:525: FutureWarning: Passing (type, 1) or '1type' as a synonym of type is deprecated; in a future version of numpy, it will be understood as (type, (1,)) / '(1,)type'.
  _np_qint16 = np.dtype([("qint16", np.int16, 1)])
/home/jma819/.conda/envs/tensorflow-gpu-env/lib/python3.6/site-packages/tensorflow/python/framework/dtypes.py:526: FutureWarning: Passing (type, 1) or '1type' as a synonym of type is deprecated; in a future version of numpy, it will be understood as (type, (1,)) / '(1,)type'.
  _np_quint16 = np.dtype([("quint16", np.uint16, 1)])
/home/jma819/.conda/envs/tensorflow-gpu-env/lib/python3.6/site-packages/tensorflow/python/framework/dtypes.py:527: FutureWarning: Passing (type, 1) or '1type' as a synonym of type is deprecated; in a future version of numpy, it will be understood as (type, (1,)) / '(1,)type'.
  _np_qint32 = np.dtype([("qint32", np.int32, 1)])
/home/jma819/.conda/envs/tensorflow-gpu-env/lib/python3.6/site-packages/tensorflow/python/framework/dtypes.py:532: FutureWarning: Passing (type, 1) or '1type' as a synonym of type is deprecated; in a future version of numpy, it will be understood as (type, (1,)) / '(1,)type'.
  np_resource = np.dtype([("resource", np.ubyte, 1)])
DLC loaded in light mode; you cannot use any GUI (labeling, relabeling and standalone GUI)
Using snapshot-300000 for model /projects/p30771/dlc_analysis/dlc_22_miniscope_openfield-JJM-2021-04-25-JJM-2021-04-25/dlc-models/iteration-0/dlc_22_miniscope_openfield-JJM-2021-04-25Apr25-trainset95shuffle1
Initializing ResNet
No video(s) were found. Please check your paths and/or 'video_type'.
finished video analysis!, beginning retraining...
/projects/p30771/dlc_analysis/dlc_22_miniscope_openfield-JJM-2021-04-25-JJM-2021-04-25/training-datasets/iteration-0/UnaugmentedDataSet_dlc_22_miniscope_openfield-JJM-2021-04-25Apr25  already exists!
/projects/p30771/dlc_analysis/dlc_22_miniscope_openfield-JJM-2021-04-25-JJM-2021-04-25/dlc-models/iteration-0/dlc_22_miniscope_openfield-JJM-2021-04-25Apr25-trainset95shuffle1  already exists!
/projects/p30771/dlc_analysis/dlc_22_miniscope_openfield-JJM-2021-04-25-JJM-2021-04-25/dlc-models/iteration-0/dlc_22_miniscope_openfield-JJM-2021-04-25Apr25-trainset95shuffle1/train  already exists!
/projects/p30771/dlc_analysis/dlc_22_miniscope_openfield-JJM-2021-04-25-JJM-2021-04-25/dlc-models/iteration-0/dlc_22_miniscope_openfield-JJM-2021-04-25Apr25-trainset95shuffle1/test  already exists!
The training dataset is successfully created. Use the function 'train_network' to start training. Happy training!
finished retraining!, creating labellef videos...
No video(s) were found. Please check your paths and/or 'video_type'.
finished creating labeled videos!
