config file is: /projects/b1118/behaviorvideos/rotary_wheel_side_view-JJM-2021-09-17_01/config.yaml
Config:
{'all_joints': [[0],
                [1],
                [2],
                [3],
                [4],
                [5],
                [6],
                [7],
                [8],
                [9],
                [10],
                [11],
                [12],
                [13],
                [14],
                [15],
                [16],
                [17],
                [18],
                [19],
                [20]],
 'all_joints_names': ['snout',
                      'ear_L',
                      'ear_R',
                      'front_paw_L',
                      'front_heel_L',
                      'front_paw_R',
                      'front_heel_R',
                      'rear_paw_L',
                      'rear_heel_L',
                      'rear_thigh_L',
                      'rear_paw_R',
                      'rear_heel_R',
                      'rear_thigh_R',
                      'back',
                      'tail_base',
                      'mid_tail',
                      'tail_tip',
                      'wheel_center',
                      'wheel_mark',
                      'wheel_screw_1',
                      'wheel_screw_2'],
 'alpha_r': 0.02,
 'apply_prob': 0.5,
 'batch_size': 1,
 'clahe': True,
 'claheratio': 0.1,
 'crop_pad': 0,
 'crop_sampling': 'hybrid',
 'crop_size': [400, 400],
 'cropratio': 0.4,
 'dataset': 'training-datasets/iteration-0/UnaugmentedDataSet_rotary_wheel_side_view '
            'Sep17/rotary_wheel_side_view _JJM95shuffle1.mat',
 'dataset_type': 'default',
 'decay_steps': 30000,
 'deterministic': False,
 'display_iters': 1000,
 'edge': False,
 'emboss': {'alpha': [0.0, 1.0], 'embossratio': 0.1, 'strength': [0.5, 1.5]},
 'fg_fraction': 0.25,
 'global_scale': 0.8,
 'histeq': True,
 'histeqratio': 0.1,
 'init_weights': '/home/jma819/.conda/envs/tensorflow-2.6-py38-dlc/lib/python3.8/site-packages/deeplabcut/pose_estimation_tensorflow/models/pretrained/resnet_v1_50.ckpt',
 'intermediate_supervision': False,
 'intermediate_supervision_layer': 12,
 'location_refinement': True,
 'locref_huber_loss': True,
 'locref_loss_weight': 0.05,
 'locref_stdev': 7.2801,
 'log_dir': 'log',
 'lr_init': 0.0005,
 'max_input_size': 1500,
 'max_shift': 0.4,
 'mean_pixel': [123.68, 116.779, 103.939],
 'metadataset': 'training-datasets/iteration-0/UnaugmentedDataSet_rotary_wheel_side_view '
                'Sep17/Documentation_data-rotary_wheel_side_view '
                '_95shuffle1.pickle',
 'min_input_size': 64,
 'mirror': False,
 'multi_stage': False,
 'multi_step': [[0.005, 10000],
                [0.02, 430000],
                [0.002, 730000],
                [0.001, 1030000]],
 'net_type': 'resnet_50',
 'num_joints': 21,
 'optimizer': 'sgd',
 'pairwise_huber_loss': False,
 'pairwise_predict': False,
 'partaffinityfield_predict': False,
 'pos_dist_thresh': 17,
 'pre_resize': [],
 'project_path': '/projects/b1118/behaviorvideos/rotary_wheel_side_view-JJM-2021-09-17_01',
 'regularize': False,
 'rotation': 25,
 'rotratio': 0.4,
 'save_iters': 50000,
 'scale_jitter_lo': 0.5,
 'scale_jitter_up': 1.25,
 'scoremap_dir': 'test',
 'sharpen': False,
 'sharpenratio': 0.3,
 'shuffle': True,
 'snapshot_prefix': '/projects/b1118/behaviorvideos/rotary_wheel_side_view-JJM-2021-09-17_01/dlc-models/iteration-0/rotary_wheel_side_view '
                    'Sep17-trainset95shuffle1/train/snapshot',
 'stride': 8.0,
 'weigh_negatives': False,
 'weigh_only_present_joints': False,
 'weigh_part_predictions': False,
 'weight_decay': 0.0001}
2022-01-20 12:26:25.272048: I tensorflow/core/platform/cpu_feature_guard.cc:151] This TensorFlow binary is optimized with oneAPI Deep Neural Network Library (oneDNN) to use the following CPU instructions in performance-critical operations:  AVX2 AVX512F FMA
To enable them in other operations, rebuild TensorFlow with the appropriate compiler flags.
2022-01-20 12:26:28.336864: I tensorflow/core/common_runtime/gpu/gpu_device.cc:1525] Created device /job:localhost/replica:0/task:0/device:GPU:0 with 38416 MB memory:  -> device: 0, name: NVIDIA A100-PCIE-40GB, pci bus id: 0000:06:00.0, compute capability: 8.0
2022-01-20 12:26:28.689852: I tensorflow/core/common_runtime/gpu/gpu_device.cc:1525] Created device /job:localhost/replica:0/task:0/device:GPU:0 with 38416 MB memory:  -> device: 0, name: NVIDIA A100-PCIE-40GB, pci bus id: 0000:06:00.0, compute capability: 8.0
2022-01-20 12:26:37.672325: I tensorflow/stream_executor/cuda/cuda_dnn.cc:366] Loaded cuDNN version 8101
/home/jma819/.conda/envs/tensorflow-2.6-py38-dlc/lib/python3.8/site-packages/tensorflow/python/keras/engine/base_layer_v1.py:1694: UserWarning: `layer.apply` is deprecated and will be removed in a future version. Please use `layer.__call__` method instead.
  warnings.warn('`layer.apply` is deprecated and '
iteration: 1000 loss: 0.0427 lr: 0.005
iteration: 2000 loss: 0.0246 lr: 0.005
slurmstepd: error: *** JOB 8574880 ON qgpu0202 CANCELLED AT 2022-01-20T12:28:29 ***
