Module is experimental. 
config file is: /projects/p30771/dlc_analysis/mglur5ko_openfield-JJM-2020-06-10/config.yaml
/home/jma819/.conda/envs/tensorflow-gpu-env/lib/python3.6/site-packages/tensorflow/python/framework/dtypes.py:523: FutureWarning: Passing (type, 1) or '1type' as a synonym of type is deprecated; in a future version of numpy, it will be understood as (type, (1,)) / '(1,)type'.
  _np_qint8 = np.dtype([("qint8", np.int8, 1)])
/home/jma819/.conda/envs/tensorflow-gpu-env/lib/python3.6/site-packages/tensorflow/python/framework/dtypes.py:524: FutureWarning: Passing (type, 1) or '1type' as a synonym of type is deprecated; in a future version of numpy, it will be understood as (type, (1,)) / '(1,)type'.
  _np_quint8 = np.dtype([("quint8", np.uint8, 1)])
/home/jma819/.conda/envs/tensorflow-gpu-env/lib/python3.6/site-packages/tensorflow/python/framework/dtypes.py:525: FutureWarning: Passing (type, 1) or '1type' as a synonym of type is deprecated; in a future version of numpy, it will be understood as (type, (1,)) / '(1,)type'.
  _np_qint16 = np.dtype([("qint16", np.int16, 1)])
/home/jma819/.conda/envs/tensorflow-gpu-env/lib/python3.6/site-packages/tensorflow/python/framework/dtypes.py:526: FutureWarning: Passing (type, 1) or '1type' as a synonym of type is deprecated; in a future version of numpy, it will be understood as (type, (1,)) / '(1,)type'.
  _np_quint16 = np.dtype([("quint16", np.uint16, 1)])
/home/jma819/.conda/envs/tensorflow-gpu-env/lib/python3.6/site-packages/tensorflow/python/framework/dtypes.py:527: FutureWarning: Passing (type, 1) or '1type' as a synonym of type is deprecated; in a future version of numpy, it will be understood as (type, (1,)) / '(1,)type'.
  _np_qint32 = np.dtype([("qint32", np.int32, 1)])
/home/jma819/.conda/envs/tensorflow-gpu-env/lib/python3.6/site-packages/tensorflow/python/framework/dtypes.py:532: FutureWarning: Passing (type, 1) or '1type' as a synonym of type is deprecated; in a future version of numpy, it will be understood as (type, (1,)) / '(1,)type'.
  np_resource = np.dtype([("resource", np.ubyte, 1)])
Config:
{'all_joints': [[0], [1], [2], [3]],
 'all_joints_names': ['ear_left', 'ear_right', 'tail_base', 'snout'],
 'batch_size': 1,
 'bottomheight': 400,
 'crop': True,
 'crop_pad': 0,
 'cropratio': 0.4,
 'dataset': 'training-datasets/iteration-0/UnaugmentedDataSet_mglur5ko_openfieldJun10/mglur5ko_openfield_JJM95shuffle1.mat',
 'dataset_type': 'default',
 'deterministic': False,
 'display_iters': 1000,
 'fg_fraction': 0.25,
 'global_scale': 0.8,
 'init_weights': '/home/jma819/DeepLabCut/deeplabcut/pose_estimation_tensorflow/models/pretrained/resnet_v1_50.ckpt',
 'intermediate_supervision': False,
 'intermediate_supervision_layer': 12,
 'leftwidth': 400,
 'location_refinement': True,
 'locref_huber_loss': True,
 'locref_loss_weight': 0.05,
 'locref_stdev': 7.2801,
 'log_dir': 'log',
 'max_input_size': 1500,
 'mean_pixel': [123.68, 116.779, 103.939],
 'metadataset': 'training-datasets/iteration-0/UnaugmentedDataSet_mglur5ko_openfieldJun10/Documentation_data-mglur5ko_openfield_95shuffle1.pickle',
 'min_input_size': 64,
 'minsize': 100,
 'mirror': False,
 'multi_step': [[0.005, 10000],
                [0.02, 430000],
                [0.002, 730000],
                [0.001, 1030000]],
 'net_type': 'resnet_50',
 'num_joints': 4,
 'optimizer': 'sgd',
 'pos_dist_thresh': 17,
 'project_path': '/projects/p30771/dlc_analysis/mglur5ko_openfield-JJM-2020-06-10',
 'regularize': False,
 'rightwidth': 400,
 'save_iters': 50000,
 'scale_jitter_lo': 0.5,
 'scale_jitter_up': 1.25,
 'scoremap_dir': 'test',
 'shuffle': True,
 'snapshot_prefix': '/projects/p30771/dlc_analysis/mglur5ko_openfield-JJM-2020-06-10/dlc-models/iteration-0/mglur5ko_openfieldJun10-trainset95shuffle1/train/snapshot',
 'stride': 8.0,
 'topheight': 400,
 'weigh_negatives': False,
 'weigh_only_present_joints': False,
 'weigh_part_predictions': False,
 'weight_decay': 0.0001}
iteration: 1000 loss: 0.0350 lr: 0.005
iteration: 2000 loss: 0.0181 lr: 0.005
iteration: 3000 loss: 0.0139 lr: 0.005
iteration: 4000 loss: 0.0116 lr: 0.005
slurmstepd: error: *** JOB 1683427 ON qgpu6039 CANCELLED AT 2020-06-11T12:16:48 ***
