Module is experimental. 
config file is: /projects/p30771/dlc_analysis/Open_Field_v2-JJM-2020-01-27_01/config.yaml
directory with behavior videos is: /projects/p30771/dlc_analysis/behavcamvideos/GRIN033_H14_M34_S32_01162020
/home/jma819/.conda/envs/tensorflow-gpu-env/lib/python3.6/site-packages/tensorflow/python/framework/dtypes.py:523: FutureWarning: Passing (type, 1) or '1type' as a synonym of type is deprecated; in a future version of numpy, it will be understood as (type, (1,)) / '(1,)type'.
  _np_qint8 = np.dtype([("qint8", np.int8, 1)])
/home/jma819/.conda/envs/tensorflow-gpu-env/lib/python3.6/site-packages/tensorflow/python/framework/dtypes.py:524: FutureWarning: Passing (type, 1) or '1type' as a synonym of type is deprecated; in a future version of numpy, it will be understood as (type, (1,)) / '(1,)type'.
  _np_quint8 = np.dtype([("quint8", np.uint8, 1)])
/home/jma819/.conda/envs/tensorflow-gpu-env/lib/python3.6/site-packages/tensorflow/python/framework/dtypes.py:525: FutureWarning: Passing (type, 1) or '1type' as a synonym of type is deprecated; in a future version of numpy, it will be understood as (type, (1,)) / '(1,)type'.
  _np_qint16 = np.dtype([("qint16", np.int16, 1)])
/home/jma819/.conda/envs/tensorflow-gpu-env/lib/python3.6/site-packages/tensorflow/python/framework/dtypes.py:526: FutureWarning: Passing (type, 1) or '1type' as a synonym of type is deprecated; in a future version of numpy, it will be understood as (type, (1,)) / '(1,)type'.
  _np_quint16 = np.dtype([("quint16", np.uint16, 1)])
/home/jma819/.conda/envs/tensorflow-gpu-env/lib/python3.6/site-packages/tensorflow/python/framework/dtypes.py:527: FutureWarning: Passing (type, 1) or '1type' as a synonym of type is deprecated; in a future version of numpy, it will be understood as (type, (1,)) / '(1,)type'.
  _np_qint32 = np.dtype([("qint32", np.int32, 1)])
/home/jma819/.conda/envs/tensorflow-gpu-env/lib/python3.6/site-packages/tensorflow/python/framework/dtypes.py:532: FutureWarning: Passing (type, 1) or '1type' as a synonym of type is deprecated; in a future version of numpy, it will be understood as (type, (1,)) / '(1,)type'.
  np_resource = np.dtype([("resource", np.ubyte, 1)])
DLC loaded in light mode; you cannot use any GUI (labeling, relabeling and standalone GUI)
Using snapshot-150000 for model /projects/p30771/dlc_analysis/Open_Field_v2-JJM-2020-01-27_01/dlc-models/iteration-0/Open_Field_v2Jan27-trainset95shuffle1
Initializing ResNet
No video/s found. Please check your path!
finished video analysis!, beginning retraining...
/projects/p30771/dlc_analysis/Open_Field_v2-JJM-2020-01-27_01/training-datasets/iteration-0/UnaugmentedDataSet_Open_Field_v2Jan27  already exists!
/projects/p30771/dlc_analysis/Open_Field_v2-JJM-2020-01-27_01/dlc-models/iteration-0/Open_Field_v2Jan27-trainset95shuffle1  already exists!
/projects/p30771/dlc_analysis/Open_Field_v2-JJM-2020-01-27_01/dlc-models/iteration-0/Open_Field_v2Jan27-trainset95shuffle1//train  already exists!
/projects/p30771/dlc_analysis/Open_Field_v2-JJM-2020-01-27_01/dlc-models/iteration-0/Open_Field_v2Jan27-trainset95shuffle1//test  already exists!
The training dataset is successfully created. Use the function 'train_network' to start training. Happy training!
finished retraining!, creating labellef videos...
finished creating labeled videos!
