Module is experimental. 
config file is: /projects/p30771/dlc_analysis/Test_dlc-Santiago-2020-10-06/config.yaml
/home/jma819/.conda/envs/tensorflow-gpu-env/lib/python3.6/site-packages/tensorflow/python/framework/dtypes.py:523: FutureWarning: Passing (type, 1) or '1type' as a synonym of type is deprecated; in a future version of numpy, it will be understood as (type, (1,)) / '(1,)type'.
  _np_qint8 = np.dtype([("qint8", np.int8, 1)])
/home/jma819/.conda/envs/tensorflow-gpu-env/lib/python3.6/site-packages/tensorflow/python/framework/dtypes.py:524: FutureWarning: Passing (type, 1) or '1type' as a synonym of type is deprecated; in a future version of numpy, it will be understood as (type, (1,)) / '(1,)type'.
  _np_quint8 = np.dtype([("quint8", np.uint8, 1)])
/home/jma819/.conda/envs/tensorflow-gpu-env/lib/python3.6/site-packages/tensorflow/python/framework/dtypes.py:525: FutureWarning: Passing (type, 1) or '1type' as a synonym of type is deprecated; in a future version of numpy, it will be understood as (type, (1,)) / '(1,)type'.
  _np_qint16 = np.dtype([("qint16", np.int16, 1)])
/home/jma819/.conda/envs/tensorflow-gpu-env/lib/python3.6/site-packages/tensorflow/python/framework/dtypes.py:526: FutureWarning: Passing (type, 1) or '1type' as a synonym of type is deprecated; in a future version of numpy, it will be understood as (type, (1,)) / '(1,)type'.
  _np_quint16 = np.dtype([("quint16", np.uint16, 1)])
/home/jma819/.conda/envs/tensorflow-gpu-env/lib/python3.6/site-packages/tensorflow/python/framework/dtypes.py:527: FutureWarning: Passing (type, 1) or '1type' as a synonym of type is deprecated; in a future version of numpy, it will be understood as (type, (1,)) / '(1,)type'.
  _np_qint32 = np.dtype([("qint32", np.int32, 1)])
/home/jma819/.conda/envs/tensorflow-gpu-env/lib/python3.6/site-packages/tensorflow/python/framework/dtypes.py:532: FutureWarning: Passing (type, 1) or '1type' as a synonym of type is deprecated; in a future version of numpy, it will be understood as (type, (1,)) / '(1,)type'.
  np_resource = np.dtype([("resource", np.ubyte, 1)])
Config:
{'all_joints': [[0], [1], [2], [3], [4], [5], [6], [7], [8], [9], [10], [11]],
 'all_joints_names': ['snout',
                      'ear_R',
                      'ear_L',
                      'front_paw_R',
                      'front_paw_L',
                      'back_paw_R',
                      'back_paw_L',
                      'tail_base',
                      'arena_UL',
                      'arena_UR',
                      'arena_BL',
                      'arena_BR'],
 'batch_size': 1,
 'crop_pad': 0,
 'cropratio': 0.4,
 'dataset': 'training-datasets/iteration-0/UnaugmentedDataSet_Test_dlcOct6/Test_dlc_Santiago95shuffle1.mat',
 'dataset_type': 'default',
 'deterministic': False,
 'display_iters': 1000,
 'fg_fraction': 0.25,
 'global_scale': 0.8,
 'init_weights': '/home/jma819/DeepLabCut/deeplabcut/pose_estimation_tensorflow/models/pretrained/resnet_v1_50.ckpt',
 'intermediate_supervision': False,
 'intermediate_supervision_layer': 12,
 'location_refinement': True,
 'locref_huber_loss': True,
 'locref_loss_weight': 0.05,
 'locref_stdev': 7.2801,
 'log_dir': 'log',
 'max_input_size': 1500,
 'mean_pixel': [123.68, 116.779, 103.939],
 'metadataset': 'training-datasets/iteration-0/UnaugmentedDataSet_Test_dlcOct6/Documentation_data-Test_dlc_95shuffle1.pickle',
 'min_input_size': 64,
 'mirror': False,
 'multi_step': [[0.005, 10000],
                [0.02, 430000],
                [0.002, 730000],
                [0.001, 1030000]],
 'net_type': 'resnet_50',
 'num_joints': 12,
 'optimizer': 'sgd',
 'pairwise_huber_loss': False,
 'pairwise_predict': False,
 'partaffinityfield_predict': False,
 'pos_dist_thresh': 17,
 'project_path': '/projects/p30771/dlc_analysis/Test_dlc-Santiago-2020-10-06',
 'regularize': False,
 'rotation': 25,
 'rotratio': 0.4,
 'save_iters': 50000,
 'scale_jitter_lo': 0.5,
 'scale_jitter_up': 1.25,
 'scoremap_dir': 'test',
 'shuffle': True,
 'snapshot_prefix': '/projects/p30771/dlc_analysis/Test_dlc-Santiago-2020-10-06/dlc-models/iteration-0/Test_dlcOct6-trainset95shuffle1/train/snapshot',
 'stride': 8.0,
 'weigh_negatives': False,
 'weigh_only_present_joints': False,
 'weigh_part_predictions': False,
 'weight_decay': 0.0001}
2020-10-08 22:24:36.056752: I tensorflow/core/platform/cpu_feature_guard.cc:141] Your CPU supports instructions that this TensorFlow binary was not compiled to use: SSE4.1 SSE4.2 AVX AVX2 FMA
2020-10-08 22:24:36.170148: I tensorflow/core/common_runtime/gpu/gpu_device.cc:1432] Found device 0 with properties: 
name: Tesla K80 major: 3 minor: 7 memoryClockRate(GHz): 0.8235
pciBusID: 0000:83:00.0
totalMemory: 11.17GiB freeMemory: 11.11GiB
2020-10-08 22:24:36.170239: I tensorflow/core/common_runtime/gpu/gpu_device.cc:1511] Adding visible gpu devices: 0
2020-10-08 22:24:41.342263: I tensorflow/core/common_runtime/gpu/gpu_device.cc:982] Device interconnect StreamExecutor with strength 1 edge matrix:
2020-10-08 22:24:41.342359: I tensorflow/core/common_runtime/gpu/gpu_device.cc:988]      0 
2020-10-08 22:24:41.342382: I tensorflow/core/common_runtime/gpu/gpu_device.cc:1001] 0:   N 
2020-10-08 22:24:41.342590: I tensorflow/core/common_runtime/gpu/gpu_device.cc:1115] Created TensorFlow device (/job:localhost/replica:0/task:0/device:GPU:0 with 10761 MB memory) -> physical GPU (device: 0, name: Tesla K80, pci bus id: 0000:83:00.0, compute capability: 3.7)
iteration: 1000 loss: 0.0268 lr: 0.005
iteration: 2000 loss: 0.0153 lr: 0.005
iteration: 3000 loss: 0.0121 lr: 0.005
iteration: 4000 loss: 0.0100 lr: 0.005
iteration: 5000 loss: 0.0088 lr: 0.005
iteration: 6000 loss: 0.0081 lr: 0.005
iteration: 7000 loss: 0.0075 lr: 0.005
iteration: 8000 loss: 0.0069 lr: 0.005
iteration: 9000 loss: 0.0064 lr: 0.005
iteration: 10000 loss: 0.0061 lr: 0.005
iteration: 11000 loss: 0.0078 lr: 0.02
iteration: 12000 loss: 0.0065 lr: 0.02
iteration: 13000 loss: 0.0060 lr: 0.02
iteration: 14000 loss: 0.0054 lr: 0.02
iteration: 15000 loss: 0.0050 lr: 0.02
iteration: 16000 loss: 0.0048 lr: 0.02
iteration: 17000 loss: 0.0044 lr: 0.02
iteration: 18000 loss: 0.0044 lr: 0.02
iteration: 19000 loss: 0.0040 lr: 0.02
iteration: 20000 loss: 0.0040 lr: 0.02
iteration: 21000 loss: 0.0039 lr: 0.02
iteration: 22000 loss: 0.0037 lr: 0.02
iteration: 23000 loss: 0.0035 lr: 0.02
iteration: 24000 loss: 0.0035 lr: 0.02
iteration: 25000 loss: 0.0035 lr: 0.02
iteration: 26000 loss: 0.0033 lr: 0.02
iteration: 27000 loss: 0.0032 lr: 0.02
iteration: 28000 loss: 0.0031 lr: 0.02
iteration: 29000 loss: 0.0031 lr: 0.02
iteration: 30000 loss: 0.0030 lr: 0.02
iteration: 31000 loss: 0.0031 lr: 0.02
iteration: 32000 loss: 0.0031 lr: 0.02
iteration: 33000 loss: 0.0031 lr: 0.02
iteration: 34000 loss: 0.0029 lr: 0.02
iteration: 35000 loss: 0.0029 lr: 0.02
iteration: 36000 loss: 0.0029 lr: 0.02
iteration: 37000 loss: 0.0028 lr: 0.02
iteration: 38000 loss: 0.0028 lr: 0.02
iteration: 39000 loss: 0.0028 lr: 0.02
iteration: 40000 loss: 0.0028 lr: 0.02
iteration: 41000 loss: 0.0027 lr: 0.02
iteration: 42000 loss: 0.0026 lr: 0.02
iteration: 43000 loss: 0.0026 lr: 0.02
iteration: 44000 loss: 0.0027 lr: 0.02
iteration: 45000 loss: 0.0026 lr: 0.02
iteration: 46000 loss: 0.0026 lr: 0.02
iteration: 47000 loss: 0.0025 lr: 0.02
iteration: 48000 loss: 0.0026 lr: 0.02
iteration: 49000 loss: 0.0025 lr: 0.02
iteration: 50000 loss: 0.0025 lr: 0.02
iteration: 51000 loss: 0.0025 lr: 0.02
iteration: 52000 loss: 0.0024 lr: 0.02
iteration: 53000 loss: 0.0024 lr: 0.02
iteration: 54000 loss: 0.0024 lr: 0.02
iteration: 55000 loss: 0.0024 lr: 0.02
iteration: 56000 loss: 0.0024 lr: 0.02
iteration: 57000 loss: 0.0025 lr: 0.02
iteration: 58000 loss: 0.0024 lr: 0.02
iteration: 59000 loss: 0.0023 lr: 0.02
iteration: 60000 loss: 0.0024 lr: 0.02
iteration: 61000 loss: 0.0022 lr: 0.02
iteration: 62000 loss: 0.0023 lr: 0.02
iteration: 63000 loss: 0.0023 lr: 0.02
iteration: 64000 loss: 0.0023 lr: 0.02
iteration: 65000 loss: 0.0023 lr: 0.02
iteration: 66000 loss: 0.0023 lr: 0.02
iteration: 67000 loss: 0.0023 lr: 0.02
iteration: 68000 loss: 0.0022 lr: 0.02
iteration: 69000 loss: 0.0023 lr: 0.02
iteration: 70000 loss: 0.0023 lr: 0.02
iteration: 71000 loss: 0.0022 lr: 0.02
iteration: 72000 loss: 0.0022 lr: 0.02
iteration: 73000 loss: 0.0021 lr: 0.02
iteration: 74000 loss: 0.0022 lr: 0.02
iteration: 75000 loss: 0.0021 lr: 0.02
iteration: 76000 loss: 0.0022 lr: 0.02
iteration: 77000 loss: 0.0022 lr: 0.02
iteration: 78000 loss: 0.0021 lr: 0.02
iteration: 79000 loss: 0.0021 lr: 0.02
iteration: 80000 loss: 0.0022 lr: 0.02
iteration: 81000 loss: 0.0021 lr: 0.02
iteration: 82000 loss: 0.0022 lr: 0.02
iteration: 83000 loss: 0.0021 lr: 0.02
iteration: 84000 loss: 0.0021 lr: 0.02
iteration: 85000 loss: 0.0021 lr: 0.02
iteration: 86000 loss: 0.0020 lr: 0.02
iteration: 87000 loss: 0.0020 lr: 0.02
iteration: 88000 loss: 0.0021 lr: 0.02
iteration: 89000 loss: 0.0020 lr: 0.02
iteration: 90000 loss: 0.0020 lr: 0.02
iteration: 91000 loss: 0.0020 lr: 0.02
iteration: 92000 loss: 0.0020 lr: 0.02
iteration: 93000 loss: 0.0019 lr: 0.02
iteration: 94000 loss: 0.0021 lr: 0.02
iteration: 95000 loss: 0.0020 lr: 0.02
iteration: 96000 loss: 0.0019 lr: 0.02
slurmstepd: error: *** JOB 2577623 ON qgpu6007 CANCELLED AT 2020-10-09T07:28:28 DUE TO TIME LIMIT ***
